2025-5-27 13:24:09-log: Cannot access game frame or container.
2025-5-27 13:24:10-debug: asset-db:require-engine-code (782ms)
2025-5-27 13:24:10-log: meshopt wasm decoder initialized
2025-5-27 13:24:10-log: [bullet]:bullet wasm lib loaded.
2025-5-27 13:24:10-log: [box2d]:box2d wasm lib loaded.
2025-5-27 13:24:10-log: Using legacy pipeline
2025-5-27 13:24:10-debug: [Assets Memory track]: asset-db:worker-init: initEngine start:31.16MB, end 80.22MB, increase: 49.06MB
2025-5-27 13:24:10-log: Cocos Creator v3.8.6
2025-5-27 13:24:10-log: Forward render pipeline initialized.
2025-5-27 13:24:12-debug: [Assets Memory track]: asset-db-plugin-register: builder start:84.39MB, end 224.83MB, increase: 140.44MB
2025-5-27 13:24:12-debug: [Assets Memory track]: asset-db-plugin-register: project start:80.95MB, end 228.45MB, increase: 147.49MB
2025-5-27 13:24:10-debug: [Assets Memory track]: asset-db-plugin-register: programming start:81.08MB, end 84.34MB, increase: 3.26MB
2025-5-27 13:24:12-debug: [Assets Memory track]: asset-db-plugin-register: engine-extends start:225.08MB, end 228.25MB, increase: 3.17MB
2025-5-27 13:24:12-debug: run package(windows) handler(enable) start
2025-5-27 13:24:12-debug: [Assets Memory track]: asset-db:worker-init: initPlugin start:80.24MB, end 228.48MB, increase: 148.24MB
2025-5-27 13:24:12-debug: run package(windows) handler(enable) success!
2025-5-27 13:24:12-debug: run package(xiaomi-quick-game) handler(enable) start
2025-5-27 13:24:12-debug: run package(cocos-service) handler(enable) start
2025-5-27 13:24:12-debug: run package(cocos-service) handler(enable) success!
2025-5-27 13:24:12-debug: run package(xiaomi-quick-game) handler(enable) success!
2025-5-27 13:24:12-debug: run package(fix-asset-default-userdata) handler(enable) start
2025-5-27 13:24:12-debug: run package(fix-asset-default-userdata) handler(enable) success!
2025-5-27 13:24:12-debug: run package(placeholder) handler(enable) success!
2025-5-27 13:24:12-debug: run package(placeholder) handler(enable) start
2025-5-27 13:24:12-debug: run package(im-plugin) handler(enable) start
2025-5-27 13:24:12-debug: run package(im-plugin) handler(enable) success!
2025-5-27 13:24:12-debug: asset-db:worker-init: initPlugin (2242ms)
2025-5-27 13:24:12-debug: [Assets Memory track]: asset-db:worker-init start:31.15MB, end 224.85MB, increase: 193.70MB
2025-5-27 13:24:12-debug: Run asset db hook programming:beforePreStart ...
2025-5-27 13:24:12-debug: Run asset db hook programming:beforePreStart success!
2025-5-27 13:24:12-debug: Run asset db hook engine-extends:beforePreStart ...
2025-5-27 13:24:12-debug: Run asset db hook engine-extends:beforePreStart success!
2025-5-27 13:24:12-debug: asset-db:worker-init (3284ms)
2025-5-27 13:24:12-debug: asset-db-hook-programming-beforePreStart (114ms)
2025-5-27 13:24:12-debug: asset-db-hook-engine-extends-beforePreStart (113ms)
2025-5-27 13:24:12-debug: Preimport db internal success
2025-5-27 13:24:12-debug: Run asset db hook programming:afterPreStart ...
2025-5-27 13:24:12-debug: Preimport db assets success
2025-5-27 13:24:12-debug: starting packer-driver...
2025-5-27 13:24:13-debug: initialize scripting environment...
2025-5-27 13:24:13-debug: [[Executor]] prepare before lock
2025-5-27 13:24:13-debug: Set detail map pack:///resolution-detail-map.json: {}
2025-5-27 13:24:13-debug: [[Executor]] prepare after unlock
2025-5-27 13:24:13-debug: Run asset db hook engine-extends:afterPreStart ...
2025-5-27 13:24:13-debug: Run asset db hook programming:afterPreStart success!
2025-5-27 13:24:13-debug: Run asset db hook engine-extends:afterPreStart success!
2025-5-27 13:24:13-debug: [Assets Memory track]: asset-db:worker-init: preStart start:224.86MB, end 229.86MB, increase: 5.00MB
2025-5-27 13:24:13-debug: Start up the 'internal' database...
2025-5-27 13:24:13-debug: asset-db-hook-programming-afterPreStart (1107ms)
2025-5-27 13:24:13-debug: asset-db:worker-effect-data-processing (337ms)
2025-5-27 13:24:13-debug: asset-db-hook-engine-extends-afterPreStart (337ms)
2025-5-27 13:24:13-debug: [Assets Memory track]: asset-db:worker-startup-database[internal] start:224.96MB, end 243.69MB, increase: 18.73MB
2025-5-27 13:24:13-debug: Start up the 'assets' database...
2025-5-27 13:24:13-debug: asset-db:worker-startup-database[internal] (1428ms)
2025-5-27 13:24:13-debug: [Assets Memory track]: asset-db:worker-startup-database[assets] start:230.41MB, end 243.19MB, increase: 12.78MB
2025-5-27 13:24:13-debug: lazy register asset handler *
2025-5-27 13:24:13-debug: lazy register asset handler text
2025-5-27 13:24:13-debug: lazy register asset handler json
2025-5-27 13:24:13-debug: lazy register asset handler spine-data
2025-5-27 13:24:13-debug: [Assets Memory track]: asset-db:worker-init: startup start:229.88MB, end 243.21MB, increase: 13.33MB
2025-5-27 13:24:13-debug: lazy register asset handler dragonbones
2025-5-27 13:24:13-debug: lazy register asset handler dragonbones-atlas
2025-5-27 13:24:13-debug: lazy register asset handler terrain
2025-5-27 13:24:13-debug: lazy register asset handler typescript
2025-5-27 13:24:13-debug: lazy register asset handler scene
2025-5-27 13:24:13-debug: lazy register asset handler prefab
2025-5-27 13:24:13-debug: lazy register asset handler sprite-frame
2025-5-27 13:24:13-debug: lazy register asset handler tiled-map
2025-5-27 13:24:13-debug: lazy register asset handler buffer
2025-5-27 13:24:13-debug: lazy register asset handler image
2025-5-27 13:24:13-debug: lazy register asset handler sign-image
2025-5-27 13:24:13-debug: lazy register asset handler texture
2025-5-27 13:24:13-debug: lazy register asset handler alpha-image
2025-5-27 13:24:13-debug: lazy register asset handler texture-cube
2025-5-27 13:24:13-debug: lazy register asset handler erp-texture-cube
2025-5-27 13:24:13-debug: lazy register asset handler render-texture
2025-5-27 13:24:13-debug: lazy register asset handler texture-cube-face
2025-5-27 13:24:13-debug: lazy register asset handler rt-sprite-frame
2025-5-27 13:24:13-debug: lazy register asset handler gltf
2025-5-27 13:24:13-debug: lazy register asset handler gltf-mesh
2025-5-27 13:24:13-debug: lazy register asset handler gltf-animation
2025-5-27 13:24:13-debug: lazy register asset handler gltf-skeleton
2025-5-27 13:24:13-debug: lazy register asset handler gltf-material
2025-5-27 13:24:13-debug: lazy register asset handler gltf-scene
2025-5-27 13:24:13-debug: lazy register asset handler gltf-embeded-image
2025-5-27 13:24:13-debug: lazy register asset handler fbx
2025-5-27 13:24:13-debug: lazy register asset handler material
2025-5-27 13:24:13-debug: lazy register asset handler physics-material
2025-5-27 13:24:13-debug: lazy register asset handler effect
2025-5-27 13:24:13-debug: lazy register asset handler effect-header
2025-5-27 13:24:13-debug: lazy register asset handler audio-clip
2025-5-27 13:24:13-debug: lazy register asset handler animation-clip
2025-5-27 13:24:13-debug: lazy register asset handler animation-graph
2025-5-27 13:24:13-debug: lazy register asset handler animation-graph-variant
2025-5-27 13:24:14-debug: lazy register asset handler ttf-font
2025-5-27 13:24:13-debug: lazy register asset handler directory
2025-5-27 13:24:14-debug: lazy register asset handler animation-mask
2025-5-27 13:24:14-debug: lazy register asset handler bitmap-font
2025-5-27 13:24:14-debug: lazy register asset handler sprite-atlas
2025-5-27 13:24:14-debug: lazy register asset handler auto-atlas
2025-5-27 13:24:14-debug: lazy register asset handler label-atlas
2025-5-27 13:24:14-debug: lazy register asset handler render-pipeline
2025-5-27 13:24:14-debug: lazy register asset handler particle
2025-5-27 13:24:13-debug: lazy register asset handler javascript
2025-5-27 13:24:14-debug: lazy register asset handler render-stage
2025-5-27 13:24:14-debug: lazy register asset handler instantiation-material
2025-5-27 13:24:14-debug: lazy register asset handler render-flow
2025-5-27 13:24:14-debug: lazy register asset handler instantiation-mesh
2025-5-27 13:24:14-debug: lazy register asset handler instantiation-skeleton
2025-5-27 13:24:14-debug: lazy register asset handler instantiation-animation
2025-5-27 13:24:14-debug: lazy register asset handler video-clip
2025-5-27 13:24:14-debug: asset-db:worker-startup-database[assets] (1340ms)
2025-5-27 13:24:14-debug: asset-db:ready (7339ms)
2025-5-27 13:24:14-debug: asset-db:start-database (1508ms)
2025-5-27 13:24:14-debug: fix the bug of updateDefaultUserData
2025-5-27 13:24:14-debug: init worker message success
2025-5-27 13:24:14-debug: programming:execute-script (3ms)
2025-5-27 13:24:14-debug: [Build Memory track]: builder:worker-init start:246.75MB, end 254.75MB, increase: 8.01MB
2025-5-27 13:24:14-debug: builder:worker-init (468ms)
2025-5-27 13:24:23-debug: refresh db internal success
2025-5-27 13:24:23-debug: Run asset db hook engine-extends:afterRefresh ...
2025-5-27 13:24:23-debug: Run asset db hook engine-extends:afterRefresh success!
2025-5-27 13:24:23-debug: refresh db assets success
2025-5-27 13:24:23-debug: asset-db:refresh-all-database (158ms)
2025-5-27 13:24:23-debug: asset-db:worker-effect-data-processing (2ms)
2025-5-27 13:24:23-debug: asset-db-hook-engine-extends-afterRefresh (2ms)
2025-5-27 13:24:32-debug: refresh db internal success
2025-5-27 13:24:32-debug: refresh db assets success
2025-5-27 13:24:32-debug: Run asset db hook engine-extends:afterRefresh ...
2025-5-27 13:24:32-debug: Run asset db hook engine-extends:afterRefresh success!
2025-5-27 13:24:33-debug: asset-db:refresh-all-database (214ms)
2025-5-27 13:24:33-debug: asset-db:worker-effect-data-processing (45ms)
2025-5-27 13:24:33-debug: asset-db-hook-engine-extends-afterRefresh (45ms)
2025-5-27 13:24:43-debug: refresh db internal success
2025-5-27 13:24:43-debug: refresh db assets success
2025-5-27 13:24:43-debug: Run asset db hook engine-extends:afterRefresh ...
2025-5-27 13:24:43-debug: Run asset db hook engine-extends:afterRefresh success!
2025-5-27 13:24:43-debug: asset-db:refresh-all-database (173ms)
2025-5-27 13:24:43-debug: asset-db:worker-effect-data-processing (1ms)
2025-5-27 13:24:43-debug: asset-db-hook-engine-extends-afterRefresh (1ms)
2025-5-27 13:24:44-debug: refresh db internal success
2025-5-27 13:24:45-debug: Query all assets info in project
2025-5-27 13:24:45-debug: refresh db assets success
2025-5-27 13:24:45-debug: Run asset db hook engine-extends:afterRefresh ...
2025-5-27 13:24:45-debug: Run asset db hook engine-extends:afterRefresh success!
2025-5-27 13:24:45-debug: asset-db:refresh-all-database (183ms)
2025-5-27 13:24:45-debug: asset-db:worker-effect-data-processing (3ms)
2025-5-27 13:24:45-debug: asset-db-hook-engine-extends-afterRefresh (4ms)
2025-5-27 13:24:45-debug: init custom config: keepNodeUuid: false, useCache: true
2025-5-27 13:24:45-debug: Skip compress image, progress: 0%
2025-5-27 13:24:45-debug: Num of bundles: 3..., progress: 0%
2025-5-27 13:24:45-debug: Init all bundles start..., progress: 0%
2025-5-27 13:24:45-debug: 查询 Asset Bundle start, progress: 0%
2025-5-27 13:24:45-debug: // ---- build task 查询 Asset Bundle ----
2025-5-27 13:24:45-debug: Init bundle root assets start..., progress: 0%
2025-5-27 13:24:45-debug:   Number of all scenes: 3
2025-5-27 13:24:45-debug: Query preload assets/scripts from cc.config.json: 60f7195c-ec2a-45eb-ba94-8955f60e81d0,1c02ae6f-4492-4915-b8f8-7492a3b1e4cd,810e96e4-e456-4468-9b59-f4e8f39732c0,efe8e2a3-eace-427b-b4f1-cb8a937ec77d,e9aa9a3e-5b2b-4ac7-a2c7-073de2b2b24f,8bbdbcdd-5cd4-4100-b6d5-b7c9625b6107,50f4348b-c883-4e2f-8f11-ce233b859fa1,fda095cb-831d-4601-ad94-846013963de8,f92806d7-1768-443f-afe8-12bcde84d0f0,dd3a144d-ab7f-41f0-82b8-2e43a090d496,f0416e68-0200-4b77-a926-4f9d16e494da,970b0598-bcb0-4714-91fb-2e81440dccd8,bcd64cc6-2dd9-43f6-abbe-66318d332032,d930590d-bb92-4cc8-8bd1-23cd027f9edf,a3cd009f-0ab0-420d-9278-b9fdab939bbc,c27215d8-6835-4b68-bfbb-bdeac6100c04,b5d6115f-0370-4d7c-aad3-c194cc71cf98,b2bd1fa7-8d7c-49c5-a158-df29a6d3a594,871c3b6c-7379-419d-bda3-794b239ab90d
2025-5-27 13:24:45-debug: Init bundle root assets success..., progress: 0%
2025-5-27 13:24:45-debug:   Number of other assets: 740
2025-5-27 13:24:45-debug:   Number of all scripts: 89
2025-5-27 13:24:45-log: run build task 查询 Asset Bundle success in 17 ms√, progress: 5%
2025-5-27 13:24:45-debug: [Build Memory track]: 查询 Asset Bundle start:200.11MB, end 199.39MB, increase: -731.27KB
2025-5-27 13:24:45-debug: // ---- build task 查询 Asset Bundle ----
2025-5-27 13:24:45-debug: // ---- build task 查询 Asset Bundle ---- (17ms)
2025-5-27 13:24:45-debug: 查询 Asset Bundle start, progress: 5%
2025-5-27 13:24:45-log: run build task 查询 Asset Bundle success in 68 ms√, progress: 10%
2025-5-27 13:24:45-debug: 整理部分构建选项内数据到 settings.json start, progress: 10%
2025-5-27 13:24:45-debug: [Build Memory track]: 查询 Asset Bundle start:199.43MB, end 199.60MB, increase: 178.52KB
2025-5-27 13:24:45-debug: // ---- build task 整理部分构建选项内数据到 settings.json ----
2025-5-27 13:24:45-debug: // ---- build task 查询 Asset Bundle ---- (68ms)
2025-5-27 13:24:45-log: run build task 整理部分构建选项内数据到 settings.json success in 1 ms√, progress: 12%
2025-5-27 13:24:45-debug: 填充脚本数据到 settings.json start, progress: 12%
2025-5-27 13:24:45-debug: // ---- build task 填充脚本数据到 settings.json ----
2025-5-27 13:24:45-debug: // ---- build task 整理部分构建选项内数据到 settings.json ---- (1ms)
2025-5-27 13:24:45-debug: [Build Memory track]: 整理部分构建选项内数据到 settings.json start:199.64MB, end 199.68MB, increase: 33.30KB
2025-5-27 13:24:45-log: run build task 填充脚本数据到 settings.json success in 17 ms√, progress: 13%
2025-5-27 13:24:45-debug: [Build Memory track]: 填充脚本数据到 settings.json start:199.72MB, end 199.75MB, increase: 32.88KB
2025-5-27 13:24:45-debug: // ---- build task 整理部分构建选项内数据到 settings.json ----
2025-5-27 13:24:45-debug: // ---- build task 填充脚本数据到 settings.json ---- (17ms)
2025-5-27 13:24:45-debug: 整理部分构建选项内数据到 settings.json start, progress: 13%
2025-5-27 13:24:45-debug: [Build Memory track]: 整理部分构建选项内数据到 settings.json start:199.79MB, end 199.93MB, increase: 148.81KB
2025-5-27 13:24:45-log: run build task 整理部分构建选项内数据到 settings.json success in 30 ms√, progress: 15%
2025-5-27 13:24:45-debug: // ---- build task 整理部分构建选项内数据到 settings.json ---- (30ms)
2025-5-27 13:24:45-debug: Query all assets info in project
2025-5-27 13:24:45-debug: Query all assets info in project
2025-5-27 13:24:45-debug: Query all assets info in project
2025-5-27 13:24:45-debug: Query all assets info in project
2025-5-27 13:24:45-debug: init custom config: keepNodeUuid: false, useCache: true
2025-5-27 13:24:45-debug: Skip compress image, progress: 0%
2025-5-27 13:24:45-debug: init custom config: keepNodeUuid: false, useCache: true
2025-5-27 13:24:45-debug: Skip compress image, progress: 0%
2025-5-27 13:24:45-debug: Skip compress image, progress: 0%
2025-5-27 13:24:45-debug: init custom config: keepNodeUuid: false, useCache: true
2025-5-27 13:24:45-debug: init custom config: keepNodeUuid: false, useCache: true
2025-5-27 13:24:45-debug: Skip compress image, progress: 0%
2025-5-27 13:24:45-debug: Init all bundles start..., progress: 0%
2025-5-27 13:24:45-debug: // ---- build task 查询 Asset Bundle ----
2025-5-27 13:24:45-debug: Init all bundles start..., progress: 0%
2025-5-27 13:24:45-debug: Num of bundles: 3..., progress: 0%
2025-5-27 13:24:45-debug: Init bundle root assets start..., progress: 0%
2025-5-27 13:24:45-debug: // ---- build task 查询 Asset Bundle ----
2025-5-27 13:24:45-debug: 查询 Asset Bundle start, progress: 0%
2025-5-27 13:24:45-debug: 查询 Asset Bundle start, progress: 0%
2025-5-27 13:24:45-debug: Num of bundles: 3..., progress: 0%
2025-5-27 13:24:45-debug: Init bundle root assets start..., progress: 0%
2025-5-27 13:24:45-debug: Init all bundles start..., progress: 0%
2025-5-27 13:24:45-debug: Num of bundles: 3..., progress: 0%
2025-5-27 13:24:45-debug: // ---- build task 查询 Asset Bundle ----
2025-5-27 13:24:45-debug: Init bundle root assets start..., progress: 0%
2025-5-27 13:24:45-debug: 查询 Asset Bundle start, progress: 0%
2025-5-27 13:24:45-debug: Init all bundles start..., progress: 0%
2025-5-27 13:24:45-debug: 查询 Asset Bundle start, progress: 0%
2025-5-27 13:24:45-debug: // ---- build task 查询 Asset Bundle ----
2025-5-27 13:24:45-debug: Init bundle root assets start..., progress: 0%
2025-5-27 13:24:45-debug: Num of bundles: 3..., progress: 0%
2025-5-27 13:24:45-debug:   Number of all scripts: 89
2025-5-27 13:24:45-debug: Query preload assets/scripts from cc.config.json: 60f7195c-ec2a-45eb-ba94-8955f60e81d0,1c02ae6f-4492-4915-b8f8-7492a3b1e4cd,810e96e4-e456-4468-9b59-f4e8f39732c0,efe8e2a3-eace-427b-b4f1-cb8a937ec77d,e9aa9a3e-5b2b-4ac7-a2c7-073de2b2b24f,8bbdbcdd-5cd4-4100-b6d5-b7c9625b6107,50f4348b-c883-4e2f-8f11-ce233b859fa1,fda095cb-831d-4601-ad94-846013963de8,f92806d7-1768-443f-afe8-12bcde84d0f0,dd3a144d-ab7f-41f0-82b8-2e43a090d496,f0416e68-0200-4b77-a926-4f9d16e494da,970b0598-bcb0-4714-91fb-2e81440dccd8,bcd64cc6-2dd9-43f6-abbe-66318d332032,d930590d-bb92-4cc8-8bd1-23cd027f9edf,a3cd009f-0ab0-420d-9278-b9fdab939bbc,c27215d8-6835-4b68-bfbb-bdeac6100c04,b5d6115f-0370-4d7c-aad3-c194cc71cf98,b2bd1fa7-8d7c-49c5-a158-df29a6d3a594,871c3b6c-7379-419d-bda3-794b239ab90d
2025-5-27 13:24:45-debug: Init bundle root assets success..., progress: 0%
2025-5-27 13:24:45-debug:   Number of other assets: 740
2025-5-27 13:24:45-debug:   Number of all scenes: 3
2025-5-27 13:24:45-debug:   Number of all scenes: 3
2025-5-27 13:24:45-debug: Query preload assets/scripts from cc.config.json: 60f7195c-ec2a-45eb-ba94-8955f60e81d0,1c02ae6f-4492-4915-b8f8-7492a3b1e4cd,810e96e4-e456-4468-9b59-f4e8f39732c0,efe8e2a3-eace-427b-b4f1-cb8a937ec77d,e9aa9a3e-5b2b-4ac7-a2c7-073de2b2b24f,8bbdbcdd-5cd4-4100-b6d5-b7c9625b6107,50f4348b-c883-4e2f-8f11-ce233b859fa1,fda095cb-831d-4601-ad94-846013963de8,f92806d7-1768-443f-afe8-12bcde84d0f0,dd3a144d-ab7f-41f0-82b8-2e43a090d496,f0416e68-0200-4b77-a926-4f9d16e494da,970b0598-bcb0-4714-91fb-2e81440dccd8,bcd64cc6-2dd9-43f6-abbe-66318d332032,d930590d-bb92-4cc8-8bd1-23cd027f9edf,a3cd009f-0ab0-420d-9278-b9fdab939bbc,c27215d8-6835-4b68-bfbb-bdeac6100c04,b5d6115f-0370-4d7c-aad3-c194cc71cf98,b2bd1fa7-8d7c-49c5-a158-df29a6d3a594,871c3b6c-7379-419d-bda3-794b239ab90d
2025-5-27 13:24:45-debug:   Number of other assets: 740
2025-5-27 13:24:45-debug:   Number of all scripts: 89
2025-5-27 13:24:45-debug: // ---- build task 查询 Asset Bundle ---- (9ms)
2025-5-27 13:24:45-log: run build task 查询 Asset Bundle success in 9 ms√, progress: 5%
2025-5-27 13:24:45-debug: [Build Memory track]: 查询 Asset Bundle start:202.26MB, end 200.77MB, increase: -1525.26KB
2025-5-27 13:24:45-debug: Init bundle root assets success..., progress: 0%
2025-5-27 13:24:45-debug: 查询 Asset Bundle start, progress: 5%
2025-5-27 13:24:45-debug: // ---- build task 查询 Asset Bundle ----
2025-5-27 13:24:45-debug: [Build Memory track]: 查询 Asset Bundle start:200.81MB, end 200.83MB, increase: 19.66KB
2025-5-27 13:24:45-log: run build task 查询 Asset Bundle success in √, progress: 5%
2025-5-27 13:24:45-debug: 查询 Asset Bundle start, progress: 5%
2025-5-27 13:24:45-debug: // ---- build task 查询 Asset Bundle ----
2025-5-27 13:24:45-debug: Query preload assets/scripts from cc.config.json: 60f7195c-ec2a-45eb-ba94-8955f60e81d0,1c02ae6f-4492-4915-b8f8-7492a3b1e4cd,810e96e4-e456-4468-9b59-f4e8f39732c0,efe8e2a3-eace-427b-b4f1-cb8a937ec77d,e9aa9a3e-5b2b-4ac7-a2c7-073de2b2b24f,8bbdbcdd-5cd4-4100-b6d5-b7c9625b6107,50f4348b-c883-4e2f-8f11-ce233b859fa1,fda095cb-831d-4601-ad94-846013963de8,f92806d7-1768-443f-afe8-12bcde84d0f0,dd3a144d-ab7f-41f0-82b8-2e43a090d496,f0416e68-0200-4b77-a926-4f9d16e494da,970b0598-bcb0-4714-91fb-2e81440dccd8,bcd64cc6-2dd9-43f6-abbe-66318d332032,d930590d-bb92-4cc8-8bd1-23cd027f9edf,a3cd009f-0ab0-420d-9278-b9fdab939bbc,c27215d8-6835-4b68-bfbb-bdeac6100c04,b5d6115f-0370-4d7c-aad3-c194cc71cf98,b2bd1fa7-8d7c-49c5-a158-df29a6d3a594,871c3b6c-7379-419d-bda3-794b239ab90d
2025-5-27 13:24:45-debug:   Number of all scenes: 3
2025-5-27 13:24:45-debug:   Number of other assets: 740
2025-5-27 13:24:45-debug: Init bundle root assets success..., progress: 0%
2025-5-27 13:24:45-debug: Query preload assets/scripts from cc.config.json: 60f7195c-ec2a-45eb-ba94-8955f60e81d0,1c02ae6f-4492-4915-b8f8-7492a3b1e4cd,810e96e4-e456-4468-9b59-f4e8f39732c0,efe8e2a3-eace-427b-b4f1-cb8a937ec77d,e9aa9a3e-5b2b-4ac7-a2c7-073de2b2b24f,8bbdbcdd-5cd4-4100-b6d5-b7c9625b6107,50f4348b-c883-4e2f-8f11-ce233b859fa1,fda095cb-831d-4601-ad94-846013963de8,f92806d7-1768-443f-afe8-12bcde84d0f0,dd3a144d-ab7f-41f0-82b8-2e43a090d496,f0416e68-0200-4b77-a926-4f9d16e494da,970b0598-bcb0-4714-91fb-2e81440dccd8,bcd64cc6-2dd9-43f6-abbe-66318d332032,d930590d-bb92-4cc8-8bd1-23cd027f9edf,a3cd009f-0ab0-420d-9278-b9fdab939bbc,c27215d8-6835-4b68-bfbb-bdeac6100c04,b5d6115f-0370-4d7c-aad3-c194cc71cf98,b2bd1fa7-8d7c-49c5-a158-df29a6d3a594,871c3b6c-7379-419d-bda3-794b239ab90d
2025-5-27 13:24:45-debug:   Number of all scripts: 89
2025-5-27 13:24:45-debug:   Number of other assets: 740
2025-5-27 13:24:45-debug:   Number of all scenes: 3
2025-5-27 13:24:45-debug: // ---- build task 查询 Asset Bundle ---- (15ms)
2025-5-27 13:24:45-log: run build task 查询 Asset Bundle success in 15 ms√, progress: 10%
2025-5-27 13:24:45-debug: Init bundle root assets success..., progress: 0%
2025-5-27 13:24:45-debug: [Build Memory track]: 查询 Asset Bundle start:200.86MB, end 203.16MB, increase: 2.30MB
2025-5-27 13:24:45-debug: 整理部分构建选项内数据到 settings.json start, progress: 10%
2025-5-27 13:24:45-debug:   Number of all scripts: 89
2025-5-27 13:24:45-debug: // ---- build task 整理部分构建选项内数据到 settings.json ----
2025-5-27 13:24:45-log: run build task 查询 Asset Bundle success in √, progress: 5%
2025-5-27 13:24:45-debug: 查询 Asset Bundle start, progress: 5%
2025-5-27 13:24:45-debug: [Build Memory track]: 查询 Asset Bundle start:203.26MB, end 203.27MB, increase: 15.16KB
2025-5-27 13:24:45-debug: // ---- build task 查询 Asset Bundle ----
2025-5-27 13:24:45-debug: // ---- build task 查询 Asset Bundle ----
2025-5-27 13:24:45-debug: 查询 Asset Bundle start, progress: 5%
2025-5-27 13:24:45-log: run build task 查询 Asset Bundle success in √, progress: 5%
2025-5-27 13:24:45-log: run build task 整理部分构建选项内数据到 settings.json success in √, progress: 12%
2025-5-27 13:24:45-debug: [Build Memory track]: 整理部分构建选项内数据到 settings.json start:203.21MB, end 203.33MB, increase: 128.52KB
2025-5-27 13:24:45-debug: 填充脚本数据到 settings.json start, progress: 12%
2025-5-27 13:24:45-debug: // ---- build task 填充脚本数据到 settings.json ----
2025-5-27 13:24:45-log: run build task 查询 Asset Bundle success in √, progress: 10%
2025-5-27 13:24:45-debug: [Build Memory track]: 查询 Asset Bundle start:203.31MB, end 200.52MB, increase: -2854.02KB
2025-5-27 13:24:45-debug: 整理部分构建选项内数据到 settings.json start, progress: 10%
2025-5-27 13:24:45-debug: // ---- build task 整理部分构建选项内数据到 settings.json ----
2025-5-27 13:24:45-log: run build task 填充脚本数据到 settings.json success in 1 ms√, progress: 13%
2025-5-27 13:24:45-debug: [Build Memory track]: 填充脚本数据到 settings.json start:203.37MB, end 200.84MB, increase: -2592.70KB
2025-5-27 13:24:45-debug: // ---- build task 填充脚本数据到 settings.json ---- (1ms)
2025-5-27 13:24:45-debug: // ---- build task 整理部分构建选项内数据到 settings.json ----
2025-5-27 13:24:45-debug: // ---- build task 整理部分构建选项内数据到 settings.json ---- (1ms)
2025-5-27 13:24:45-log: run build task 整理部分构建选项内数据到 settings.json success in 1 ms√, progress: 12%
2025-5-27 13:24:45-debug: [Build Memory track]: 整理部分构建选项内数据到 settings.json start:200.87MB, end 200.91MB, increase: 32.29KB
2025-5-27 13:24:45-debug: 填充脚本数据到 settings.json start, progress: 12%
2025-5-27 13:24:45-debug: // ---- build task 填充脚本数据到 settings.json ----
2025-5-27 13:24:45-debug: 整理部分构建选项内数据到 settings.json start, progress: 13%
2025-5-27 13:24:45-log: run build task 查询 Asset Bundle success in √, progress: 10%
2025-5-27 13:24:45-debug: // ---- build task 整理部分构建选项内数据到 settings.json ----
2025-5-27 13:24:45-debug: 整理部分构建选项内数据到 settings.json start, progress: 10%
2025-5-27 13:24:45-log: run build task 查询 Asset Bundle success in √, progress: 10%
2025-5-27 13:24:45-debug: 整理部分构建选项内数据到 settings.json start, progress: 10%
2025-5-27 13:24:45-debug: // ---- build task 填充脚本数据到 settings.json ---- (1ms)
2025-5-27 13:24:45-debug: // ---- build task 整理部分构建选项内数据到 settings.json ----
2025-5-27 13:24:45-debug: [Build Memory track]: 填充脚本数据到 settings.json start:200.94MB, end 201.07MB, increase: 135.32KB
2025-5-27 13:24:45-debug: // ---- build task 整理部分构建选项内数据到 settings.json ----
2025-5-27 13:24:45-log: run build task 填充脚本数据到 settings.json success in 1 ms√, progress: 13%
2025-5-27 13:24:45-debug: 整理部分构建选项内数据到 settings.json start, progress: 13%
2025-5-27 13:24:45-debug: // ---- build task 整理部分构建选项内数据到 settings.json ---- (1ms)
2025-5-27 13:24:45-log: run build task 整理部分构建选项内数据到 settings.json success in 1 ms√, progress: 12%
2025-5-27 13:24:45-debug: [Build Memory track]: 整理部分构建选项内数据到 settings.json start:201.11MB, end 201.14MB, increase: 32.27KB
2025-5-27 13:24:45-debug: 填充脚本数据到 settings.json start, progress: 12%
2025-5-27 13:24:45-debug: // ---- build task 填充脚本数据到 settings.json ----
2025-5-27 13:24:45-log: run build task 整理部分构建选项内数据到 settings.json success in 1 ms√, progress: 12%
2025-5-27 13:24:45-debug: 填充脚本数据到 settings.json start, progress: 12%
2025-5-27 13:24:45-debug: // ---- build task 填充脚本数据到 settings.json ----
2025-5-27 13:24:45-debug: // ---- build task 整理部分构建选项内数据到 settings.json ---- (1ms)
2025-5-27 13:24:45-debug: [Build Memory track]: 填充脚本数据到 settings.json start:201.23MB, end 201.27MB, increase: 43.55KB
2025-5-27 13:24:45-debug: // ---- build task 填充脚本数据到 settings.json ---- (1ms)
2025-5-27 13:24:45-debug: 整理部分构建选项内数据到 settings.json start, progress: 13%
2025-5-27 13:24:45-log: run build task 填充脚本数据到 settings.json success in 1 ms√, progress: 13%
2025-5-27 13:24:45-debug: // ---- build task 整理部分构建选项内数据到 settings.json ----
2025-5-27 13:24:45-log: run build task 填充脚本数据到 settings.json success in √, progress: 13%
2025-5-27 13:24:45-debug: 整理部分构建选项内数据到 settings.json start, progress: 13%
2025-5-27 13:24:45-debug: // ---- build task 整理部分构建选项内数据到 settings.json ----
2025-5-27 13:24:45-debug: // ---- build task 整理部分构建选项内数据到 settings.json ---- (2ms)
2025-5-27 13:24:45-log: run build task 整理部分构建选项内数据到 settings.json success in 2 ms√, progress: 15%
2025-5-27 13:24:45-debug: [Build Memory track]: 整理部分构建选项内数据到 settings.json start:201.35MB, end 201.52MB, increase: 170.68KB
2025-5-27 13:24:45-log: run build task 整理部分构建选项内数据到 settings.json success in √, progress: 15%
2025-5-27 13:24:45-log: run build task 整理部分构建选项内数据到 settings.json success in √, progress: 15%
2025-5-27 13:24:45-log: run build task 整理部分构建选项内数据到 settings.json success in √, progress: 15%
2025-5-27 13:25:57-debug: refresh db internal success
2025-5-27 13:25:57-debug: refresh db assets success
2025-5-27 13:25:57-debug: Run asset db hook engine-extends:afterRefresh ...
2025-5-27 13:25:57-debug: Run asset db hook engine-extends:afterRefresh success!
2025-5-27 13:25:57-debug: asset-db:refresh-all-database (170ms)
2025-5-27 13:25:57-debug: asset-db:worker-effect-data-processing (1ms)
2025-5-27 13:25:57-debug: asset-db-hook-engine-extends-afterRefresh (1ms)
2025-5-27 13:26:22-debug: refresh db internal success
2025-5-27 13:26:22-debug: Run asset db hook engine-extends:afterRefresh ...
2025-5-27 13:26:22-debug: Run asset db hook engine-extends:afterRefresh success!
2025-5-27 13:26:22-debug: refresh db assets success
2025-5-27 13:26:22-debug: asset-db-hook-engine-extends-afterRefresh (114ms)
2025-5-27 13:26:22-debug: asset-db:worker-effect-data-processing (114ms)
2025-5-27 13:26:22-debug: asset-db:refresh-all-database (288ms)
