2025-5-27 05:37:20-debug: start **** info
2025-5-27 05:37:20-log: Cannot access game frame or container.
2025-5-27 05:37:21-debug: asset-db:require-engine-code (938ms)
2025-5-27 05:37:21-log: meshopt wasm decoder initialized
2025-5-27 05:37:21-log: [box2d]:box2d wasm lib loaded.
2025-5-27 05:37:21-log: [bullet]:bullet wasm lib loaded.
2025-5-27 05:37:21-log: Cocos Creator v3.8.6
2025-5-27 05:37:21-log: Using legacy pipeline
2025-5-27 05:37:21-log: Forward render pipeline initialized.
2025-5-27 05:37:21-debug: [Assets Memory track]: asset-db:worker-init: initEngine start:31.07MB, end 80.24MB, increase: 49.17MB
2025-5-27 05:37:21-debug: [Assets Memory track]: asset-db-plugin-register: programming start:81.08MB, end 84.05MB, increase: 2.97MB
2025-5-27 05:37:23-debug: [Assets Memory track]: asset-db-plugin-register: builder start:84.09MB, end 225.12MB, increase: 141.03MB
2025-5-27 05:37:23-debug: [Assets Memory track]: asset-db-plugin-register: engine-extends start:225.37MB, end 228.53MB, increase: 3.16MB
2025-5-27 05:37:23-debug: [Assets Memory track]: asset-db-plugin-register: project start:80.93MB, end 228.72MB, increase: 147.79MB
2025-5-27 05:37:23-debug: [Assets Memory track]: asset-db:worker-init: initPlugin start:80.26MB, end 228.76MB, increase: 148.50MB
2025-5-27 05:37:23-debug: asset-db:worker-init: initPlugin (1518ms)
2025-5-27 05:37:23-debug: [Assets Memory track]: asset-db:worker-init start:31.06MB, end 228.86MB, increase: 197.80MB
2025-5-27 05:37:23-debug: Run asset db hook programming:beforePreStart success!
2025-5-27 05:37:23-debug: Run asset db hook programming:beforePreStart ...
2025-5-27 05:37:23-debug: Run asset db hook engine-extends:beforePreStart ...
2025-5-27 05:37:23-debug: Run asset db hook engine-extends:beforePreStart success!
2025-5-27 05:37:23-debug: asset-db:worker-init (2779ms)
2025-5-27 05:37:23-debug: asset-db-hook-programming-beforePreStart (84ms)
2025-5-27 05:37:23-debug: asset-db-hook-engine-extends-beforePreStart (84ms)
2025-5-27 05:37:23-debug: Preimport db internal success
2025-5-27 05:37:23-debug: %cImport%c: D:\CODE\cocos_workspace\背包英雄\assets\Scripts\Model\WeaponModel.tsbackground: #aaff85; color: #000;color: #000;
2025-5-27 05:37:23-debug: Preimport db assets success
2025-5-27 05:37:23-debug: starting packer-driver...
2025-5-27 05:37:23-debug: Run asset db hook programming:afterPreStart ...
2025-5-27 05:37:24-debug: initialize scripting environment...
2025-5-27 05:37:24-debug: [[Executor]] prepare before lock
2025-5-27 05:37:24-debug: Set detail map pack:///resolution-detail-map.json: {}
2025-5-27 05:37:24-debug: Run asset db hook engine-extends:afterPreStart ...
2025-5-27 05:37:24-debug: Run asset db hook programming:afterPreStart success!
2025-5-27 05:37:24-debug: Run asset db hook engine-extends:afterPreStart success!
2025-5-27 05:37:24-debug: [[Executor]] prepare after unlock
2025-5-27 05:37:24-debug: Start up the 'internal' database...
2025-5-27 05:37:24-debug: asset-db-hook-programming-afterPreStart (913ms)
2025-5-27 05:37:24-debug: asset-db:worker-effect-data-processing (259ms)
2025-5-27 05:37:24-debug: asset-db-hook-engine-extends-afterPreStart (259ms)
2025-5-27 05:37:24-debug: Start up the 'assets' database...
2025-5-27 05:37:24-debug: [Assets Memory track]: asset-db:worker-startup-database[internal] start:228.96MB, end 243.55MB, increase: 14.59MB
2025-5-27 05:37:24-debug: asset-db:worker-startup-database[internal] (1172ms)
2025-5-27 05:37:24-debug: [Assets Memory track]: asset-db:worker-startup-database[assets] start:228.46MB, end 243.21MB, increase: 14.75MB
2025-5-27 05:37:24-debug: lazy register asset handler *
2025-5-27 05:37:24-debug: lazy register asset handler directory
2025-5-27 05:37:24-debug: [Assets Memory track]: asset-db:worker-init: startup start:229.68MB, end 243.22MB, increase: 13.54MB
2025-5-27 05:37:24-debug: lazy register asset handler json
2025-5-27 05:37:24-debug: lazy register asset handler spine-data
2025-5-27 05:37:24-debug: lazy register asset handler dragonbones
2025-5-27 05:37:24-debug: lazy register asset handler dragonbones-atlas
2025-5-27 05:37:24-debug: lazy register asset handler typescript
2025-5-27 05:37:24-debug: lazy register asset handler javascript
2025-5-27 05:37:24-debug: lazy register asset handler scene
2025-5-27 05:37:24-debug: lazy register asset handler sprite-frame
2025-5-27 05:37:24-debug: lazy register asset handler terrain
2025-5-27 05:37:24-debug: lazy register asset handler tiled-map
2025-5-27 05:37:24-debug: lazy register asset handler buffer
2025-5-27 05:37:24-debug: lazy register asset handler text
2025-5-27 05:37:24-debug: lazy register asset handler sign-image
2025-5-27 05:37:24-debug: lazy register asset handler alpha-image
2025-5-27 05:37:24-debug: lazy register asset handler texture
2025-5-27 05:37:24-debug: lazy register asset handler texture-cube
2025-5-27 05:37:24-debug: lazy register asset handler erp-texture-cube
2025-5-27 05:37:24-debug: lazy register asset handler render-texture
2025-5-27 05:37:24-debug: lazy register asset handler texture-cube-face
2025-5-27 05:37:24-debug: lazy register asset handler rt-sprite-frame
2025-5-27 05:37:24-debug: lazy register asset handler gltf
2025-5-27 05:37:24-debug: lazy register asset handler gltf-mesh
2025-5-27 05:37:24-debug: lazy register asset handler gltf-animation
2025-5-27 05:37:24-debug: lazy register asset handler gltf-skeleton
2025-5-27 05:37:24-debug: lazy register asset handler gltf-material
2025-5-27 05:37:24-debug: lazy register asset handler gltf-scene
2025-5-27 05:37:24-debug: lazy register asset handler gltf-embeded-image
2025-5-27 05:37:24-debug: lazy register asset handler fbx
2025-5-27 05:37:24-debug: lazy register asset handler material
2025-5-27 05:37:24-debug: lazy register asset handler physics-material
2025-5-27 05:37:24-debug: lazy register asset handler effect
2025-5-27 05:37:24-debug: lazy register asset handler effect-header
2025-5-27 05:37:24-debug: lazy register asset handler audio-clip
2025-5-27 05:37:24-debug: lazy register asset handler animation-clip
2025-5-27 05:37:24-debug: lazy register asset handler animation-graph
2025-5-27 05:37:24-debug: lazy register asset handler animation-graph-variant
2025-5-27 05:37:24-debug: lazy register asset handler animation-mask
2025-5-27 05:37:24-debug: lazy register asset handler ttf-font
2025-5-27 05:37:24-debug: lazy register asset handler bitmap-font
2025-5-27 05:37:24-debug: lazy register asset handler particle
2025-5-27 05:37:24-debug: lazy register asset handler sprite-atlas
2025-5-27 05:37:24-debug: lazy register asset handler auto-atlas
2025-5-27 05:37:24-debug: lazy register asset handler label-atlas
2025-5-27 05:37:24-debug: lazy register asset handler render-pipeline
2025-5-27 05:37:24-debug: lazy register asset handler render-stage
2025-5-27 05:37:24-debug: lazy register asset handler render-flow
2025-5-27 05:37:24-debug: lazy register asset handler instantiation-material
2025-5-27 05:37:24-debug: lazy register asset handler instantiation-mesh
2025-5-27 05:37:24-debug: lazy register asset handler instantiation-skeleton
2025-5-27 05:37:24-debug: lazy register asset handler instantiation-animation
2025-5-27 05:37:24-debug: lazy register asset handler prefab
2025-5-27 05:37:24-debug: lazy register asset handler image
2025-5-27 05:37:24-debug: lazy register asset handler video-clip
2025-5-27 05:37:24-debug: asset-db:worker-startup-database[assets] (1115ms)
2025-5-27 05:37:24-debug: asset-db:ready (6318ms)
2025-5-27 05:37:24-debug: fix the bug of updateDefaultUserData
2025-5-27 05:37:24-debug: asset-db:start-database (1241ms)
2025-5-27 05:37:24-debug: init worker message success
2025-5-27 05:37:24-debug: programming:execute-script (2ms)
2025-5-27 05:37:24-debug: [Build Memory track]: builder:worker-init start:246.71MB, end 254.48MB, increase: 7.77MB
2025-5-27 05:37:24-debug: builder:worker-init (389ms)
2025-5-27 05:37:37-debug: Query all assets info in project
2025-5-27 05:37:37-debug: init custom config: keepNodeUuid: false, useCache: true
2025-5-27 05:37:37-debug: Skip compress image, progress: 0%
2025-5-27 05:37:37-debug: Init all bundles start..., progress: 0%
2025-5-27 05:37:37-debug: // ---- build task 查询 Asset Bundle ----
2025-5-27 05:37:37-debug: 查询 Asset Bundle start, progress: 0%
2025-5-27 05:37:37-debug: Num of bundles: 3..., progress: 0%
2025-5-27 05:37:37-debug: Init bundle root assets start..., progress: 0%
2025-5-27 05:37:37-debug: Query preload assets/scripts from cc.config.json: 60f7195c-ec2a-45eb-ba94-8955f60e81d0,1c02ae6f-4492-4915-b8f8-7492a3b1e4cd,810e96e4-e456-4468-9b59-f4e8f39732c0,efe8e2a3-eace-427b-b4f1-cb8a937ec77d,e9aa9a3e-5b2b-4ac7-a2c7-073de2b2b24f,8bbdbcdd-5cd4-4100-b6d5-b7c9625b6107,50f4348b-c883-4e2f-8f11-ce233b859fa1,fda095cb-831d-4601-ad94-846013963de8,f92806d7-1768-443f-afe8-12bcde84d0f0,dd3a144d-ab7f-41f0-82b8-2e43a090d496,f0416e68-0200-4b77-a926-4f9d16e494da,970b0598-bcb0-4714-91fb-2e81440dccd8,bcd64cc6-2dd9-43f6-abbe-66318d332032,d930590d-bb92-4cc8-8bd1-23cd027f9edf,a3cd009f-0ab0-420d-9278-b9fdab939bbc,c27215d8-6835-4b68-bfbb-bdeac6100c04,b5d6115f-0370-4d7c-aad3-c194cc71cf98,b2bd1fa7-8d7c-49c5-a158-df29a6d3a594,871c3b6c-7379-419d-bda3-794b239ab90d
2025-5-27 05:37:37-debug:   Number of all scenes: 3
2025-5-27 05:37:37-debug: Init bundle root assets success..., progress: 0%
2025-5-27 05:37:37-debug:   Number of all scripts: 89
2025-5-27 05:37:37-debug:   Number of other assets: 718
2025-5-27 05:37:37-log: run build task 查询 Asset Bundle success in 13 ms√, progress: 5%
2025-5-27 05:37:37-debug: [Build Memory track]: 查询 Asset Bundle start:256.17MB, end 259.14MB, increase: 2.97MB
2025-5-27 05:37:37-debug: // ---- build task 查询 Asset Bundle ---- (13ms)
2025-5-27 05:37:37-debug: 查询 Asset Bundle start, progress: 5%
2025-5-27 05:37:37-debug: // ---- build task 查询 Asset Bundle ----
2025-5-27 05:37:37-log: run build task 查询 Asset Bundle success in 3 ms√, progress: 10%
2025-5-27 05:37:37-debug: [Build Memory track]: 查询 Asset Bundle start:259.18MB, end 253.08MB, increase: -6247.34KB
2025-5-27 05:37:37-debug: // ---- build task 查询 Asset Bundle ---- (3ms)
2025-5-27 05:37:37-debug: 整理部分构建选项内数据到 settings.json start, progress: 10%
2025-5-27 05:37:37-debug: // ---- build task 整理部分构建选项内数据到 settings.json ----
2025-5-27 05:37:37-debug: // ---- build task 整理部分构建选项内数据到 settings.json ---- (1ms)
2025-5-27 05:37:37-log: run build task 整理部分构建选项内数据到 settings.json success in 1 ms√, progress: 12%
2025-5-27 05:37:37-debug: [Build Memory track]: 整理部分构建选项内数据到 settings.json start:253.12MB, end 253.15MB, increase: 33.01KB
2025-5-27 05:37:37-debug: 填充脚本数据到 settings.json start, progress: 12%
2025-5-27 05:37:37-debug: // ---- build task 填充脚本数据到 settings.json ----
2025-5-27 05:37:37-debug: // ---- build task 填充脚本数据到 settings.json ---- (1ms)
2025-5-27 05:37:37-log: run build task 填充脚本数据到 settings.json success in 1 ms√, progress: 13%
2025-5-27 05:37:37-debug: 整理部分构建选项内数据到 settings.json start, progress: 13%
2025-5-27 05:37:37-debug: [Build Memory track]: 填充脚本数据到 settings.json start:253.19MB, end 253.22MB, increase: 31.41KB
2025-5-27 05:37:37-debug: // ---- build task 整理部分构建选项内数据到 settings.json ----
2025-5-27 05:37:37-debug: // ---- build task 整理部分构建选项内数据到 settings.json ---- (5ms)
2025-5-27 05:37:37-log: run build task 整理部分构建选项内数据到 settings.json success in 5 ms√, progress: 15%
2025-5-27 05:37:37-debug: [Build Memory track]: 整理部分构建选项内数据到 settings.json start:253.26MB, end 253.40MB, increase: 147.55KB
2025-5-27 05:38:53-debug: refresh db internal success
2025-5-27 05:38:54-debug: Run asset db hook engine-extends:afterRefresh ...
2025-5-27 05:38:54-debug: Run asset db hook engine-extends:afterRefresh success!
2025-5-27 05:38:54-debug: refresh db assets success
2025-5-27 05:38:54-debug: asset-db:refresh-all-database (150ms)
2025-5-27 10:42:00-debug: refresh db internal success
2025-5-27 10:42:00-debug: refresh db assets success
2025-5-27 10:42:00-debug: Run asset db hook engine-extends:afterRefresh ...
2025-5-27 10:42:00-debug: Run asset db hook engine-extends:afterRefresh success!
2025-5-27 10:42:00-debug: asset-db:worker-effect-data-processing (2ms)
2025-5-27 10:42:00-debug: asset-db:refresh-all-database (120ms)
2025-5-27 10:42:00-debug: asset-db-hook-engine-extends-afterRefresh (2ms)
2025-5-27 10:42:06-debug: Query all assets info in project
2025-5-27 10:42:06-debug: init custom config: keepNodeUuid: false, useCache: true
2025-5-27 10:42:06-debug: Skip compress image, progress: 0%
2025-5-27 10:42:06-debug: Init all bundles start..., progress: 0%
2025-5-27 10:42:06-debug: Num of bundles: 3..., progress: 0%
2025-5-27 10:42:06-debug: // ---- build task 查询 Asset Bundle ----
2025-5-27 10:42:06-debug: 查询 Asset Bundle start, progress: 0%
2025-5-27 10:42:06-debug: Init bundle root assets start..., progress: 0%
2025-5-27 10:42:06-debug: Query preload assets/scripts from cc.config.json: 60f7195c-ec2a-45eb-ba94-8955f60e81d0,1c02ae6f-4492-4915-b8f8-7492a3b1e4cd,810e96e4-e456-4468-9b59-f4e8f39732c0,efe8e2a3-eace-427b-b4f1-cb8a937ec77d,e9aa9a3e-5b2b-4ac7-a2c7-073de2b2b24f,8bbdbcdd-5cd4-4100-b6d5-b7c9625b6107,50f4348b-c883-4e2f-8f11-ce233b859fa1,fda095cb-831d-4601-ad94-846013963de8,f92806d7-1768-443f-afe8-12bcde84d0f0,dd3a144d-ab7f-41f0-82b8-2e43a090d496,f0416e68-0200-4b77-a926-4f9d16e494da,970b0598-bcb0-4714-91fb-2e81440dccd8,bcd64cc6-2dd9-43f6-abbe-66318d332032,d930590d-bb92-4cc8-8bd1-23cd027f9edf,a3cd009f-0ab0-420d-9278-b9fdab939bbc,c27215d8-6835-4b68-bfbb-bdeac6100c04,b5d6115f-0370-4d7c-aad3-c194cc71cf98,b2bd1fa7-8d7c-49c5-a158-df29a6d3a594,871c3b6c-7379-419d-bda3-794b239ab90d
2025-5-27 10:42:06-debug:   Number of all scenes: 3
2025-5-27 10:42:06-debug:   Number of all scripts: 89
2025-5-27 10:42:06-debug:   Number of other assets: 718
2025-5-27 10:42:06-debug: Init bundle root assets success..., progress: 0%
2025-5-27 10:42:06-debug: // ---- build task 查询 Asset Bundle ---- (15ms)
2025-5-27 10:42:06-log: run build task 查询 Asset Bundle success in 15 ms√, progress: 5%
2025-5-27 10:42:06-debug: [Build Memory track]: 查询 Asset Bundle start:200.61MB, end 200.90MB, increase: 288.80KB
2025-5-27 10:42:06-debug: 查询 Asset Bundle start, progress: 5%
2025-5-27 10:42:06-debug: // ---- build task 查询 Asset Bundle ----
2025-5-27 10:42:06-log: run build task 查询 Asset Bundle success in 4 ms√, progress: 10%
2025-5-27 10:42:06-debug: [Build Memory track]: 查询 Asset Bundle start:200.93MB, end 200.38MB, increase: -566.36KB
2025-5-27 10:42:06-debug: // ---- build task 查询 Asset Bundle ---- (4ms)
2025-5-27 10:42:06-debug: // ---- build task 整理部分构建选项内数据到 settings.json ----
2025-5-27 10:42:06-debug: 整理部分构建选项内数据到 settings.json start, progress: 10%
2025-5-27 10:42:06-debug: // ---- build task 整理部分构建选项内数据到 settings.json ---- (2ms)
2025-5-27 10:42:06-log: run build task 整理部分构建选项内数据到 settings.json success in 2 ms√, progress: 12%
2025-5-27 10:42:06-debug: 填充脚本数据到 settings.json start, progress: 12%
2025-5-27 10:42:06-debug: [Build Memory track]: 整理部分构建选项内数据到 settings.json start:200.42MB, end 200.46MB, increase: 32.90KB
2025-5-27 10:42:06-debug: // ---- build task 填充脚本数据到 settings.json ----
2025-5-27 10:42:06-debug: // ---- build task 填充脚本数据到 settings.json ---- (2ms)
2025-5-27 10:42:06-debug: [Build Memory track]: 填充脚本数据到 settings.json start:200.50MB, end 200.53MB, increase: 35.45KB
2025-5-27 10:42:06-log: run build task 填充脚本数据到 settings.json success in 2 ms√, progress: 13%
2025-5-27 10:42:06-debug: 整理部分构建选项内数据到 settings.json start, progress: 13%
2025-5-27 10:42:06-debug: // ---- build task 整理部分构建选项内数据到 settings.json ----
2025-5-27 10:42:06-debug: // ---- build task 整理部分构建选项内数据到 settings.json ---- (5ms)
2025-5-27 10:42:06-log: run build task 整理部分构建选项内数据到 settings.json success in 5 ms√, progress: 15%
2025-5-27 10:42:06-debug: [Build Memory track]: 整理部分构建选项内数据到 settings.json start:200.57MB, end 200.70MB, increase: 139.79KB
2025-5-27 10:42:22-debug: refresh db internal success
2025-5-27 10:42:22-debug: refresh db assets success
2025-5-27 10:42:22-debug: Run asset db hook engine-extends:afterRefresh ...
2025-5-27 10:42:22-debug: Run asset db hook engine-extends:afterRefresh success!
2025-5-27 10:42:22-debug: asset-db:refresh-all-database (125ms)
2025-5-27 10:42:22-debug: asset-db:worker-effect-data-processing (2ms)
2025-5-27 10:42:22-debug: asset-db-hook-engine-extends-afterRefresh (2ms)
2025-5-27 10:43:03-debug: refresh db internal success
2025-5-27 10:43:03-debug: Run asset db hook engine-extends:afterRefresh ...
2025-5-27 10:43:03-debug: refresh db assets success
2025-5-27 10:43:03-debug: Run asset db hook engine-extends:afterRefresh success!
2025-5-27 10:43:03-debug: asset-db:refresh-all-database (148ms)
2025-5-27 10:43:03-debug: asset-db:worker-effect-data-processing (4ms)
2025-5-27 10:43:03-debug: asset-db-hook-engine-extends-afterRefresh (5ms)
2025-5-27 10:43:13-debug: refresh db internal success
2025-5-27 10:43:13-debug: refresh db assets success
2025-5-27 10:43:13-debug: Run asset db hook engine-extends:afterRefresh ...
2025-5-27 10:43:13-debug: Run asset db hook engine-extends:afterRefresh success!
2025-5-27 10:43:13-debug: asset-db:refresh-all-database (145ms)
2025-5-27 10:43:13-debug: asset-db:worker-effect-data-processing (6ms)
2025-5-27 10:43:13-debug: asset-db-hook-engine-extends-afterRefresh (8ms)
2025-5-27 10:44:03-debug: start move asset from D:\CODE\cocos_workspace\背包英雄\assets\resources\Game\Grid\bag.png -> D:\CODE\cocos_workspace\背包英雄\assets\resources\Game\Grid\bag0.png...
2025-5-27 10:44:03-debug: start refresh asset from D:\CODE\cocos_workspace\背包英雄\assets\resources\Game\Grid\bag0.png...
2025-5-27 10:44:03-debug: %cImport%c: D:\CODE\cocos_workspace\背包英雄\assets\resources\Game\Grid\bag0.pngbackground: #aaff85; color: #000;color: #000;
2025-5-27 10:44:03-debug: %cReImport%c: D:\CODE\cocos_workspace\背包英雄\assets\resources\Game\Grid\bag0.png@6c48abackground: #aaff85; color: #000;color: #000;
2025-5-27 10:44:03-debug: %cReImport%c: D:\CODE\cocos_workspace\背包英雄\assets\resources\Game\Grid\bag0.png@f9941background: #aaff85; color: #000;color: #000;
2025-5-27 10:44:03-debug: start refresh asset from D:\CODE\cocos_workspace\背包英雄\assets\resources\Game\Grid...
2025-5-27 10:44:03-debug: refresh asset D:\CODE\cocos_workspace\背包英雄\assets\resources\Game\Grid success
2025-5-27 10:44:03-debug: %cImport%c: D:\CODE\cocos_workspace\背包英雄\assets\resources\Game\Gridbackground: #aaff85; color: #000;color: #000;
2025-5-27 10:44:03-debug: refresh asset D:\CODE\cocos_workspace\背包英雄\assets\resources\Game success
2025-5-27 10:44:03-debug: move asset from D:\CODE\cocos_workspace\背包英雄\assets\resources\Game\Grid\bag.png -> D:\CODE\cocos_workspace\背包英雄\assets\resources\Game\Grid\bag0.png success
2025-5-27 10:44:19-debug: Query all assets info in project
2025-5-27 10:44:19-debug: init custom config: keepNodeUuid: false, useCache: true
2025-5-27 10:44:19-debug: Skip compress image, progress: 0%
2025-5-27 10:44:19-debug: Init all bundles start..., progress: 0%
2025-5-27 10:44:19-debug: 查询 Asset Bundle start, progress: 0%
2025-5-27 10:44:19-debug: Num of bundles: 3..., progress: 0%
2025-5-27 10:44:19-debug: // ---- build task 查询 Asset Bundle ----
2025-5-27 10:44:19-debug: Init bundle root assets start..., progress: 0%
2025-5-27 10:44:19-debug: Query preload assets/scripts from cc.config.json: 60f7195c-ec2a-45eb-ba94-8955f60e81d0,1c02ae6f-4492-4915-b8f8-7492a3b1e4cd,810e96e4-e456-4468-9b59-f4e8f39732c0,efe8e2a3-eace-427b-b4f1-cb8a937ec77d,e9aa9a3e-5b2b-4ac7-a2c7-073de2b2b24f,8bbdbcdd-5cd4-4100-b6d5-b7c9625b6107,50f4348b-c883-4e2f-8f11-ce233b859fa1,fda095cb-831d-4601-ad94-846013963de8,f92806d7-1768-443f-afe8-12bcde84d0f0,dd3a144d-ab7f-41f0-82b8-2e43a090d496,f0416e68-0200-4b77-a926-4f9d16e494da,970b0598-bcb0-4714-91fb-2e81440dccd8,bcd64cc6-2dd9-43f6-abbe-66318d332032,d930590d-bb92-4cc8-8bd1-23cd027f9edf,a3cd009f-0ab0-420d-9278-b9fdab939bbc,c27215d8-6835-4b68-bfbb-bdeac6100c04,b5d6115f-0370-4d7c-aad3-c194cc71cf98,b2bd1fa7-8d7c-49c5-a158-df29a6d3a594,871c3b6c-7379-419d-bda3-794b239ab90d
2025-5-27 10:44:19-debug:   Number of other assets: 718
2025-5-27 10:44:19-debug: Init bundle root assets success..., progress: 0%
2025-5-27 10:44:19-debug:   Number of all scripts: 89
2025-5-27 10:44:19-debug:   Number of all scenes: 3
2025-5-27 10:44:19-debug: [Build Memory track]: 查询 Asset Bundle start:205.81MB, end 205.97MB, increase: 166.32KB
2025-5-27 10:44:19-debug: // ---- build task 查询 Asset Bundle ----
2025-5-27 10:44:19-debug: // ---- build task 查询 Asset Bundle ---- (15ms)
2025-5-27 10:44:19-debug: 查询 Asset Bundle start, progress: 5%
2025-5-27 10:44:19-log: run build task 查询 Asset Bundle success in 15 ms√, progress: 5%
2025-5-27 10:44:19-debug: // ---- build task 查询 Asset Bundle ---- (6ms)
2025-5-27 10:44:19-log: run build task 查询 Asset Bundle success in 6 ms√, progress: 10%
2025-5-27 10:44:19-debug: [Build Memory track]: 查询 Asset Bundle start:206.01MB, end 206.19MB, increase: 182.68KB
2025-5-27 10:44:19-debug: // ---- build task 整理部分构建选项内数据到 settings.json ----
2025-5-27 10:44:19-debug: 整理部分构建选项内数据到 settings.json start, progress: 10%
2025-5-27 10:44:19-debug: // ---- build task 整理部分构建选项内数据到 settings.json ---- (1ms)
2025-5-27 10:44:19-debug: [Build Memory track]: 整理部分构建选项内数据到 settings.json start:206.23MB, end 206.27MB, increase: 38.23KB
2025-5-27 10:44:19-log: run build task 整理部分构建选项内数据到 settings.json success in 1 ms√, progress: 12%
2025-5-27 10:44:19-debug: 填充脚本数据到 settings.json start, progress: 12%
2025-5-27 10:44:19-debug: // ---- build task 填充脚本数据到 settings.json ----
2025-5-27 10:44:19-log: run build task 填充脚本数据到 settings.json success in 2 ms√, progress: 13%
2025-5-27 10:44:19-debug: // ---- build task 填充脚本数据到 settings.json ---- (2ms)
2025-5-27 10:44:19-debug: // ---- build task 整理部分构建选项内数据到 settings.json ----
2025-5-27 10:44:19-debug: [Build Memory track]: 填充脚本数据到 settings.json start:206.30MB, end 206.34MB, increase: 33.14KB
2025-5-27 10:44:19-debug: 整理部分构建选项内数据到 settings.json start, progress: 13%
2025-5-27 10:44:19-debug: // ---- build task 整理部分构建选项内数据到 settings.json ---- (8ms)
2025-5-27 10:44:20-log: run build task 整理部分构建选项内数据到 settings.json success in 8 ms√, progress: 15%
2025-5-27 10:44:20-debug: [Build Memory track]: 整理部分构建选项内数据到 settings.json start:206.37MB, end 205.75MB, increase: -643.04KB
2025-5-27 10:44:31-debug: refresh db internal success
2025-5-27 10:44:31-debug: refresh db assets success
2025-5-27 10:44:31-debug: Run asset db hook engine-extends:afterRefresh ...
2025-5-27 10:44:31-debug: Run asset db hook engine-extends:afterRefresh success!
2025-5-27 10:44:31-debug: asset-db:refresh-all-database (186ms)
2025-5-27 10:44:31-debug: asset-db:worker-effect-data-processing (1ms)
2025-5-27 10:44:31-debug: asset-db-hook-engine-extends-afterRefresh (1ms)
2025-5-27 10:44:31-debug: Query all assets info in project
2025-5-27 10:44:31-debug: init custom config: keepNodeUuid: false, useCache: true
2025-5-27 10:44:31-debug: Skip compress image, progress: 0%
2025-5-27 10:44:31-debug: Init all bundles start..., progress: 0%
2025-5-27 10:44:31-debug: Num of bundles: 3..., progress: 0%
2025-5-27 10:44:31-debug: 查询 Asset Bundle start, progress: 0%
2025-5-27 10:44:31-debug: // ---- build task 查询 Asset Bundle ----
2025-5-27 10:44:31-debug: Init bundle root assets start..., progress: 0%
2025-5-27 10:44:31-debug: Query preload assets/scripts from cc.config.json: 60f7195c-ec2a-45eb-ba94-8955f60e81d0,1c02ae6f-4492-4915-b8f8-7492a3b1e4cd,810e96e4-e456-4468-9b59-f4e8f39732c0,efe8e2a3-eace-427b-b4f1-cb8a937ec77d,e9aa9a3e-5b2b-4ac7-a2c7-073de2b2b24f,8bbdbcdd-5cd4-4100-b6d5-b7c9625b6107,50f4348b-c883-4e2f-8f11-ce233b859fa1,fda095cb-831d-4601-ad94-846013963de8,f92806d7-1768-443f-afe8-12bcde84d0f0,dd3a144d-ab7f-41f0-82b8-2e43a090d496,f0416e68-0200-4b77-a926-4f9d16e494da,970b0598-bcb0-4714-91fb-2e81440dccd8,bcd64cc6-2dd9-43f6-abbe-66318d332032,d930590d-bb92-4cc8-8bd1-23cd027f9edf,a3cd009f-0ab0-420d-9278-b9fdab939bbc,c27215d8-6835-4b68-bfbb-bdeac6100c04,b5d6115f-0370-4d7c-aad3-c194cc71cf98,b2bd1fa7-8d7c-49c5-a158-df29a6d3a594,871c3b6c-7379-419d-bda3-794b239ab90d
2025-5-27 10:44:31-debug:   Number of other assets: 718
2025-5-27 10:44:31-debug:   Number of all scripts: 89
2025-5-27 10:44:31-debug: Init bundle root assets success..., progress: 0%
2025-5-27 10:44:31-debug:   Number of all scenes: 3
2025-5-27 10:44:31-log: run build task 查询 Asset Bundle success in 18 ms√, progress: 5%
2025-5-27 10:44:31-debug: // ---- build task 查询 Asset Bundle ---- (18ms)
2025-5-27 10:44:31-debug: [Build Memory track]: 查询 Asset Bundle start:208.95MB, end 208.23MB, increase: -740.95KB
2025-5-27 10:44:31-debug: 查询 Asset Bundle start, progress: 5%
2025-5-27 10:44:31-debug: // ---- build task 查询 Asset Bundle ----
2025-5-27 10:44:31-debug: // ---- build task 查询 Asset Bundle ---- (6ms)
2025-5-27 10:44:31-log: run build task 查询 Asset Bundle success in 6 ms√, progress: 10%
2025-5-27 10:44:31-debug: 整理部分构建选项内数据到 settings.json start, progress: 10%
2025-5-27 10:44:31-debug: [Build Memory track]: 查询 Asset Bundle start:208.26MB, end 208.42MB, increase: 168.80KB
2025-5-27 10:44:31-debug: // ---- build task 整理部分构建选项内数据到 settings.json ----
2025-5-27 10:44:31-log: run build task 整理部分构建选项内数据到 settings.json success in 1 ms√, progress: 12%
2025-5-27 10:44:31-debug: [Build Memory track]: 整理部分构建选项内数据到 settings.json start:208.46MB, end 208.49MB, increase: 33.95KB
2025-5-27 10:44:31-debug: // ---- build task 整理部分构建选项内数据到 settings.json ---- (1ms)
2025-5-27 10:44:31-debug: 填充脚本数据到 settings.json start, progress: 12%
2025-5-27 10:44:31-debug: // ---- build task 填充脚本数据到 settings.json ----
2025-5-27 10:44:31-debug: // ---- build task 填充脚本数据到 settings.json ---- (1ms)
2025-5-27 10:44:31-log: run build task 填充脚本数据到 settings.json success in 1 ms√, progress: 13%
2025-5-27 10:44:31-debug: [Build Memory track]: 填充脚本数据到 settings.json start:208.52MB, end 208.55MB, increase: 27.48KB
2025-5-27 10:44:31-debug: 整理部分构建选项内数据到 settings.json start, progress: 13%
2025-5-27 10:44:31-debug: // ---- build task 整理部分构建选项内数据到 settings.json ----
2025-5-27 10:44:31-debug: // ---- build task 整理部分构建选项内数据到 settings.json ---- (8ms)
2025-5-27 10:44:31-log: run build task 整理部分构建选项内数据到 settings.json success in 8 ms√, progress: 15%
2025-5-27 10:44:31-debug: [Build Memory track]: 整理部分构建选项内数据到 settings.json start:208.58MB, end 208.70MB, increase: 128.64KB
2025-5-27 10:44:34-debug: refresh db internal success
2025-5-27 10:44:34-debug: Run asset db hook engine-extends:afterRefresh ...
2025-5-27 10:44:34-debug: refresh db assets success
2025-5-27 10:44:34-debug: Run asset db hook engine-extends:afterRefresh success!
2025-5-27 10:44:34-debug: asset-db:worker-effect-data-processing (1ms)
2025-5-27 10:44:34-debug: asset-db:refresh-all-database (122ms)
2025-5-27 10:44:34-debug: asset-db-hook-engine-extends-afterRefresh (1ms)
2025-5-27 10:44:34-debug: %cImport%c: D:\CODE\cocos_workspace\背包英雄\assets\Scenes\Game.scenebackground: #aaff85; color: #000;color: #000;
2025-5-27 10:44:34-debug: asset-db:reimport-assetb9cbfc7b-2f0c-4026-89a7-4d411f8ecfbe (8ms)
2025-5-27 10:44:37-debug: %cImport%c: D:\CODE\cocos_workspace\背包英雄\assets\Scenes\Game.scenebackground: #aaff85; color: #000;color: #000;
2025-5-27 10:44:37-debug: asset-db:reimport-assetb9cbfc7b-2f0c-4026-89a7-4d411f8ecfbe (8ms)
2025-5-27 10:44:39-debug: Query all assets info in project
2025-5-27 10:44:39-debug: init custom config: keepNodeUuid: false, useCache: true
2025-5-27 10:44:39-debug: Skip compress image, progress: 0%
2025-5-27 10:44:39-debug: Init all bundles start..., progress: 0%
2025-5-27 10:44:39-debug: Num of bundles: 3..., progress: 0%
2025-5-27 10:44:39-debug: 查询 Asset Bundle start, progress: 0%
2025-5-27 10:44:39-debug: // ---- build task 查询 Asset Bundle ----
2025-5-27 10:44:39-debug: Init bundle root assets start..., progress: 0%
2025-5-27 10:44:39-debug:   Number of all scenes: 3
2025-5-27 10:44:39-debug: Query preload assets/scripts from cc.config.json: 60f7195c-ec2a-45eb-ba94-8955f60e81d0,1c02ae6f-4492-4915-b8f8-7492a3b1e4cd,810e96e4-e456-4468-9b59-f4e8f39732c0,efe8e2a3-eace-427b-b4f1-cb8a937ec77d,e9aa9a3e-5b2b-4ac7-a2c7-073de2b2b24f,8bbdbcdd-5cd4-4100-b6d5-b7c9625b6107,50f4348b-c883-4e2f-8f11-ce233b859fa1,fda095cb-831d-4601-ad94-846013963de8,f92806d7-1768-443f-afe8-12bcde84d0f0,dd3a144d-ab7f-41f0-82b8-2e43a090d496,f0416e68-0200-4b77-a926-4f9d16e494da,970b0598-bcb0-4714-91fb-2e81440dccd8,bcd64cc6-2dd9-43f6-abbe-66318d332032,d930590d-bb92-4cc8-8bd1-23cd027f9edf,a3cd009f-0ab0-420d-9278-b9fdab939bbc,c27215d8-6835-4b68-bfbb-bdeac6100c04,b5d6115f-0370-4d7c-aad3-c194cc71cf98,b2bd1fa7-8d7c-49c5-a158-df29a6d3a594,871c3b6c-7379-419d-bda3-794b239ab90d
2025-5-27 10:44:39-debug:   Number of all scripts: 89
2025-5-27 10:44:39-debug:   Number of other assets: 718
2025-5-27 10:44:39-debug: Init bundle root assets success..., progress: 0%
2025-5-27 10:44:39-debug: // ---- build task 查询 Asset Bundle ---- (10ms)
2025-5-27 10:44:39-debug: [Build Memory track]: 查询 Asset Bundle start:214.31MB, end 211.97MB, increase: -2392.23KB
2025-5-27 10:44:39-log: run build task 查询 Asset Bundle success in 10 ms√, progress: 5%
2025-5-27 10:44:39-debug: 查询 Asset Bundle start, progress: 5%
2025-5-27 10:44:39-debug: // ---- build task 查询 Asset Bundle ----
2025-5-27 10:44:39-debug: // ---- build task 查询 Asset Bundle ---- (3ms)
2025-5-27 10:44:39-debug: [Build Memory track]: 查询 Asset Bundle start:212.00MB, end 212.16MB, increase: 163.32KB
2025-5-27 10:44:39-log: run build task 查询 Asset Bundle success in 3 ms√, progress: 10%
2025-5-27 10:44:39-debug: 整理部分构建选项内数据到 settings.json start, progress: 10%
2025-5-27 10:44:39-debug: // ---- build task 整理部分构建选项内数据到 settings.json ----
2025-5-27 10:44:39-log: run build task 整理部分构建选项内数据到 settings.json success in 1 ms√, progress: 12%
2025-5-27 10:44:39-debug: // ---- build task 整理部分构建选项内数据到 settings.json ---- (1ms)
2025-5-27 10:44:39-debug: [Build Memory track]: 整理部分构建选项内数据到 settings.json start:212.20MB, end 212.22MB, increase: 27.26KB
2025-5-27 10:44:39-debug: 填充脚本数据到 settings.json start, progress: 12%
2025-5-27 10:44:39-debug: // ---- build task 填充脚本数据到 settings.json ----
2025-5-27 10:44:39-debug: // ---- build task 填充脚本数据到 settings.json ---- (1ms)
2025-5-27 10:44:39-log: run build task 填充脚本数据到 settings.json success in 1 ms√, progress: 13%
2025-5-27 10:44:39-debug: 整理部分构建选项内数据到 settings.json start, progress: 13%
2025-5-27 10:44:39-debug: [Build Memory track]: 填充脚本数据到 settings.json start:212.25MB, end 212.28MB, increase: 28.16KB
2025-5-27 10:44:39-debug: // ---- build task 整理部分构建选项内数据到 settings.json ----
2025-5-27 10:44:39-debug: // ---- build task 整理部分构建选项内数据到 settings.json ---- (5ms)
2025-5-27 10:44:39-log: run build task 整理部分构建选项内数据到 settings.json success in 5 ms√, progress: 15%
2025-5-27 10:44:39-debug: [Build Memory track]: 整理部分构建选项内数据到 settings.json start:212.31MB, end 212.44MB, increase: 135.19KB
2025-5-27 10:44:47-debug: refresh db internal success
2025-5-27 10:44:47-debug: refresh db assets success
2025-5-27 10:44:47-debug: Run asset db hook engine-extends:afterRefresh success!
2025-5-27 10:44:47-debug: Run asset db hook engine-extends:afterRefresh ...
2025-5-27 10:44:47-debug: asset-db:refresh-all-database (129ms)
2025-5-27 10:44:47-debug: asset-db:worker-effect-data-processing (2ms)
2025-5-27 10:44:47-debug: asset-db-hook-engine-extends-afterRefresh (2ms)
2025-5-27 10:44:57-debug: Query all assets info in project
2025-5-27 10:44:57-debug: init custom config: keepNodeUuid: false, useCache: true
2025-5-27 10:44:57-debug: Skip compress image, progress: 0%
2025-5-27 10:44:57-debug: Init all bundles start..., progress: 0%
2025-5-27 10:44:57-debug: Num of bundles: 3..., progress: 0%
2025-5-27 10:44:57-debug: 查询 Asset Bundle start, progress: 0%
2025-5-27 10:44:57-debug: // ---- build task 查询 Asset Bundle ----
2025-5-27 10:44:57-debug: Init bundle root assets start..., progress: 0%
2025-5-27 10:44:57-debug: Query preload assets/scripts from cc.config.json: 60f7195c-ec2a-45eb-ba94-8955f60e81d0,1c02ae6f-4492-4915-b8f8-7492a3b1e4cd,810e96e4-e456-4468-9b59-f4e8f39732c0,efe8e2a3-eace-427b-b4f1-cb8a937ec77d,e9aa9a3e-5b2b-4ac7-a2c7-073de2b2b24f,8bbdbcdd-5cd4-4100-b6d5-b7c9625b6107,50f4348b-c883-4e2f-8f11-ce233b859fa1,fda095cb-831d-4601-ad94-846013963de8,f92806d7-1768-443f-afe8-12bcde84d0f0,dd3a144d-ab7f-41f0-82b8-2e43a090d496,f0416e68-0200-4b77-a926-4f9d16e494da,970b0598-bcb0-4714-91fb-2e81440dccd8,bcd64cc6-2dd9-43f6-abbe-66318d332032,d930590d-bb92-4cc8-8bd1-23cd027f9edf,a3cd009f-0ab0-420d-9278-b9fdab939bbc,c27215d8-6835-4b68-bfbb-bdeac6100c04,b5d6115f-0370-4d7c-aad3-c194cc71cf98,b2bd1fa7-8d7c-49c5-a158-df29a6d3a594,871c3b6c-7379-419d-bda3-794b239ab90d
2025-5-27 10:44:57-debug:   Number of all scenes: 3
2025-5-27 10:44:57-debug:   Number of all scripts: 89
2025-5-27 10:44:57-debug: Init bundle root assets success..., progress: 0%
2025-5-27 10:44:57-debug:   Number of other assets: 718
2025-5-27 10:44:57-log: run build task 查询 Asset Bundle success in 10 ms√, progress: 5%
2025-5-27 10:44:57-debug: 查询 Asset Bundle start, progress: 5%
2025-5-27 10:44:57-debug: // ---- build task 查询 Asset Bundle ---- (10ms)
2025-5-27 10:44:57-debug: // ---- build task 查询 Asset Bundle ----
2025-5-27 10:44:57-debug: [Build Memory track]: 查询 Asset Bundle start:212.33MB, end 212.51MB, increase: 194.02KB
2025-5-27 10:44:57-debug: // ---- build task 查询 Asset Bundle ---- (2ms)
2025-5-27 10:44:57-debug: 整理部分构建选项内数据到 settings.json start, progress: 10%
2025-5-27 10:44:57-debug: [Build Memory track]: 查询 Asset Bundle start:212.54MB, end 212.70MB, increase: 154.68KB
2025-5-27 10:44:57-log: run build task 查询 Asset Bundle success in 2 ms√, progress: 10%
2025-5-27 10:44:57-debug: // ---- build task 整理部分构建选项内数据到 settings.json ----
2025-5-27 10:44:57-debug: // ---- build task 整理部分构建选项内数据到 settings.json ---- (1ms)
2025-5-27 10:44:57-log: run build task 整理部分构建选项内数据到 settings.json success in 1 ms√, progress: 12%
2025-5-27 10:44:57-debug: [Build Memory track]: 整理部分构建选项内数据到 settings.json start:212.73MB, end 212.76MB, increase: 29.38KB
2025-5-27 10:44:57-debug: 填充脚本数据到 settings.json start, progress: 12%
2025-5-27 10:44:57-debug: // ---- build task 填充脚本数据到 settings.json ----
2025-5-27 10:44:57-log: run build task 填充脚本数据到 settings.json success in 1 ms√, progress: 13%
2025-5-27 10:44:57-debug: // ---- build task 填充脚本数据到 settings.json ---- (1ms)
2025-5-27 10:44:57-debug: 整理部分构建选项内数据到 settings.json start, progress: 13%
2025-5-27 10:44:57-debug: [Build Memory track]: 填充脚本数据到 settings.json start:212.79MB, end 212.81MB, increase: 28.14KB
2025-5-27 10:44:57-debug: // ---- build task 整理部分构建选项内数据到 settings.json ----
2025-5-27 10:44:57-debug: // ---- build task 整理部分构建选项内数据到 settings.json ---- (6ms)
2025-5-27 10:44:57-debug: [Build Memory track]: 整理部分构建选项内数据到 settings.json start:212.84MB, end 212.97MB, increase: 129.38KB
2025-5-27 10:44:57-log: run build task 整理部分构建选项内数据到 settings.json success in 6 ms√, progress: 15%
2025-5-27 10:45:04-debug: refresh db internal success
2025-5-27 10:45:04-debug: refresh db assets success
2025-5-27 10:45:04-debug: Run asset db hook engine-extends:afterRefresh ...
2025-5-27 10:45:04-debug: Run asset db hook engine-extends:afterRefresh success!
2025-5-27 10:45:04-debug: asset-db:refresh-all-database (132ms)
2025-5-27 10:45:04-debug: asset-db:worker-effect-data-processing (2ms)
2025-5-27 10:45:04-debug: asset-db-hook-engine-extends-afterRefresh (4ms)
2025-5-27 10:45:08-debug: %cImport%c: D:\CODE\cocos_workspace\背包英雄\assets\Scenes\Game.scenebackground: #aaff85; color: #000;color: #000;
2025-5-27 10:45:08-debug: asset-db:reimport-assetb9cbfc7b-2f0c-4026-89a7-4d411f8ecfbe (10ms)
2025-5-27 10:45:09-debug: Query all assets info in project
2025-5-27 10:45:09-debug: init custom config: keepNodeUuid: false, useCache: true
2025-5-27 10:45:09-debug: Skip compress image, progress: 0%
2025-5-27 10:45:09-debug: Num of bundles: 3..., progress: 0%
2025-5-27 10:45:09-debug: Init all bundles start..., progress: 0%
2025-5-27 10:45:09-debug: 查询 Asset Bundle start, progress: 0%
2025-5-27 10:45:09-debug: // ---- build task 查询 Asset Bundle ----
2025-5-27 10:45:09-debug: Init bundle root assets start..., progress: 0%
2025-5-27 10:45:09-debug: Query preload assets/scripts from cc.config.json: 60f7195c-ec2a-45eb-ba94-8955f60e81d0,1c02ae6f-4492-4915-b8f8-7492a3b1e4cd,810e96e4-e456-4468-9b59-f4e8f39732c0,efe8e2a3-eace-427b-b4f1-cb8a937ec77d,e9aa9a3e-5b2b-4ac7-a2c7-073de2b2b24f,8bbdbcdd-5cd4-4100-b6d5-b7c9625b6107,50f4348b-c883-4e2f-8f11-ce233b859fa1,fda095cb-831d-4601-ad94-846013963de8,f92806d7-1768-443f-afe8-12bcde84d0f0,dd3a144d-ab7f-41f0-82b8-2e43a090d496,f0416e68-0200-4b77-a926-4f9d16e494da,970b0598-bcb0-4714-91fb-2e81440dccd8,bcd64cc6-2dd9-43f6-abbe-66318d332032,d930590d-bb92-4cc8-8bd1-23cd027f9edf,a3cd009f-0ab0-420d-9278-b9fdab939bbc,c27215d8-6835-4b68-bfbb-bdeac6100c04,b5d6115f-0370-4d7c-aad3-c194cc71cf98,b2bd1fa7-8d7c-49c5-a158-df29a6d3a594,871c3b6c-7379-419d-bda3-794b239ab90d
2025-5-27 10:45:09-debug:   Number of all scripts: 89
2025-5-27 10:45:09-debug:   Number of other assets: 718
2025-5-27 10:45:09-debug: Init bundle root assets success..., progress: 0%
2025-5-27 10:45:09-debug:   Number of all scenes: 3
2025-5-27 10:45:09-log: run build task 查询 Asset Bundle success in 10 ms√, progress: 5%
2025-5-27 10:45:09-debug: // ---- build task 查询 Asset Bundle ---- (10ms)
2025-5-27 10:45:09-debug: [Build Memory track]: 查询 Asset Bundle start:216.12MB, end 214.14MB, increase: -2036.59KB
2025-5-27 10:45:09-debug: 查询 Asset Bundle start, progress: 5%
2025-5-27 10:45:09-debug: // ---- build task 查询 Asset Bundle ----
2025-5-27 10:45:09-debug: // ---- build task 查询 Asset Bundle ---- (3ms)
2025-5-27 10:45:09-log: run build task 查询 Asset Bundle success in 3 ms√, progress: 10%
2025-5-27 10:45:09-debug: 整理部分构建选项内数据到 settings.json start, progress: 10%
2025-5-27 10:45:09-debug: [Build Memory track]: 查询 Asset Bundle start:214.17MB, end 214.31MB, increase: 152.63KB
2025-5-27 10:45:09-debug: // ---- build task 整理部分构建选项内数据到 settings.json ----
2025-5-27 10:45:09-debug: // ---- build task 整理部分构建选项内数据到 settings.json ---- (1ms)
2025-5-27 10:45:09-debug: [Build Memory track]: 整理部分构建选项内数据到 settings.json start:214.35MB, end 214.38MB, increase: 40.13KB
2025-5-27 10:45:09-debug: 填充脚本数据到 settings.json start, progress: 12%
2025-5-27 10:45:09-log: run build task 整理部分构建选项内数据到 settings.json success in 1 ms√, progress: 12%
2025-5-27 10:45:09-debug: // ---- build task 填充脚本数据到 settings.json ----
2025-5-27 10:45:09-log: run build task 填充脚本数据到 settings.json success in 1 ms√, progress: 13%
2025-5-27 10:45:09-debug: // ---- build task 填充脚本数据到 settings.json ---- (1ms)
2025-5-27 10:45:09-debug: [Build Memory track]: 填充脚本数据到 settings.json start:214.41MB, end 214.44MB, increase: 26.44KB
2025-5-27 10:45:09-debug: 整理部分构建选项内数据到 settings.json start, progress: 13%
2025-5-27 10:45:09-debug: // ---- build task 整理部分构建选项内数据到 settings.json ----
2025-5-27 10:45:09-debug: // ---- build task 整理部分构建选项内数据到 settings.json ---- (5ms)
2025-5-27 10:45:09-debug: [Build Memory track]: 整理部分构建选项内数据到 settings.json start:214.47MB, end 214.60MB, increase: 130.27KB
2025-5-27 10:45:09-log: run build task 整理部分构建选项内数据到 settings.json success in 5 ms√, progress: 15%
2025-5-27 10:45:21-debug: Query all assets info in project
2025-5-27 10:45:21-debug: Skip compress image, progress: 0%
2025-5-27 10:45:21-debug: init custom config: keepNodeUuid: false, useCache: true
2025-5-27 10:45:21-debug: Init all bundles start..., progress: 0%
2025-5-27 10:45:21-debug: // ---- build task 查询 Asset Bundle ----
2025-5-27 10:45:21-debug: Num of bundles: 3..., progress: 0%
2025-5-27 10:45:21-debug: 查询 Asset Bundle start, progress: 0%
2025-5-27 10:45:21-debug: Init bundle root assets start..., progress: 0%
2025-5-27 10:45:21-debug: Query preload assets/scripts from cc.config.json: 60f7195c-ec2a-45eb-ba94-8955f60e81d0,1c02ae6f-4492-4915-b8f8-7492a3b1e4cd,810e96e4-e456-4468-9b59-f4e8f39732c0,efe8e2a3-eace-427b-b4f1-cb8a937ec77d,e9aa9a3e-5b2b-4ac7-a2c7-073de2b2b24f,8bbdbcdd-5cd4-4100-b6d5-b7c9625b6107,50f4348b-c883-4e2f-8f11-ce233b859fa1,fda095cb-831d-4601-ad94-846013963de8,f92806d7-1768-443f-afe8-12bcde84d0f0,dd3a144d-ab7f-41f0-82b8-2e43a090d496,f0416e68-0200-4b77-a926-4f9d16e494da,970b0598-bcb0-4714-91fb-2e81440dccd8,bcd64cc6-2dd9-43f6-abbe-66318d332032,d930590d-bb92-4cc8-8bd1-23cd027f9edf,a3cd009f-0ab0-420d-9278-b9fdab939bbc,c27215d8-6835-4b68-bfbb-bdeac6100c04,b5d6115f-0370-4d7c-aad3-c194cc71cf98,b2bd1fa7-8d7c-49c5-a158-df29a6d3a594,871c3b6c-7379-419d-bda3-794b239ab90d
2025-5-27 10:45:21-debug:   Number of all scripts: 89
2025-5-27 10:45:21-debug:   Number of other assets: 718
2025-5-27 10:45:21-debug: Init bundle root assets success..., progress: 0%
2025-5-27 10:45:21-debug:   Number of all scenes: 3
2025-5-27 10:45:21-debug: // ---- build task 查询 Asset Bundle ---- (7ms)
2025-5-27 10:45:21-debug: [Build Memory track]: 查询 Asset Bundle start:214.21MB, end 214.30MB, increase: 95.11KB
2025-5-27 10:45:21-log: run build task 查询 Asset Bundle success in 7 ms√, progress: 5%
2025-5-27 10:45:21-debug: 查询 Asset Bundle start, progress: 5%
2025-5-27 10:45:21-debug: // ---- build task 查询 Asset Bundle ----
2025-5-27 10:45:21-debug: // ---- build task 查询 Asset Bundle ---- (3ms)
2025-5-27 10:45:21-debug: [Build Memory track]: 查询 Asset Bundle start:214.33MB, end 214.48MB, increase: 153.67KB
2025-5-27 10:45:21-debug: 整理部分构建选项内数据到 settings.json start, progress: 10%
2025-5-27 10:45:21-log: run build task 查询 Asset Bundle success in 3 ms√, progress: 10%
2025-5-27 10:45:21-debug: // ---- build task 整理部分构建选项内数据到 settings.json ----
2025-5-27 10:45:21-log: run build task 整理部分构建选项内数据到 settings.json success in √, progress: 12%
2025-5-27 10:45:21-debug: [Build Memory track]: 整理部分构建选项内数据到 settings.json start:214.51MB, end 214.53MB, increase: 16.54KB
2025-5-27 10:45:21-debug: // ---- build task 填充脚本数据到 settings.json ----
2025-5-27 10:45:21-debug: 填充脚本数据到 settings.json start, progress: 12%
2025-5-27 10:45:21-log: run build task 填充脚本数据到 settings.json success in √, progress: 13%
2025-5-27 10:45:21-debug: [Build Memory track]: 填充脚本数据到 settings.json start:214.56MB, end 214.58MB, increase: 18.06KB
2025-5-27 10:45:21-debug: 整理部分构建选项内数据到 settings.json start, progress: 13%
2025-5-27 10:45:21-debug: // ---- build task 整理部分构建选项内数据到 settings.json ----
2025-5-27 10:45:21-debug: // ---- build task 整理部分构建选项内数据到 settings.json ---- (3ms)
2025-5-27 10:45:21-debug: [Build Memory track]: 整理部分构建选项内数据到 settings.json start:214.61MB, end 214.73MB, increase: 128.63KB
2025-5-27 10:45:21-log: run build task 整理部分构建选项内数据到 settings.json success in 3 ms√, progress: 15%
2025-5-27 10:45:27-debug: Query all assets info in project
2025-5-27 10:45:27-debug: init custom config: keepNodeUuid: false, useCache: true
2025-5-27 10:45:27-debug: Skip compress image, progress: 0%
2025-5-27 10:45:27-debug: Init all bundles start..., progress: 0%
2025-5-27 10:45:27-debug: // ---- build task 查询 Asset Bundle ----
2025-5-27 10:45:27-debug: 查询 Asset Bundle start, progress: 0%
2025-5-27 10:45:27-debug: Num of bundles: 3..., progress: 0%
2025-5-27 10:45:27-debug: Init bundle root assets start..., progress: 0%
2025-5-27 10:45:27-debug: Query preload assets/scripts from cc.config.json: 60f7195c-ec2a-45eb-ba94-8955f60e81d0,1c02ae6f-4492-4915-b8f8-7492a3b1e4cd,810e96e4-e456-4468-9b59-f4e8f39732c0,efe8e2a3-eace-427b-b4f1-cb8a937ec77d,e9aa9a3e-5b2b-4ac7-a2c7-073de2b2b24f,8bbdbcdd-5cd4-4100-b6d5-b7c9625b6107,50f4348b-c883-4e2f-8f11-ce233b859fa1,fda095cb-831d-4601-ad94-846013963de8,f92806d7-1768-443f-afe8-12bcde84d0f0,dd3a144d-ab7f-41f0-82b8-2e43a090d496,f0416e68-0200-4b77-a926-4f9d16e494da,970b0598-bcb0-4714-91fb-2e81440dccd8,bcd64cc6-2dd9-43f6-abbe-66318d332032,d930590d-bb92-4cc8-8bd1-23cd027f9edf,a3cd009f-0ab0-420d-9278-b9fdab939bbc,c27215d8-6835-4b68-bfbb-bdeac6100c04,b5d6115f-0370-4d7c-aad3-c194cc71cf98,b2bd1fa7-8d7c-49c5-a158-df29a6d3a594,871c3b6c-7379-419d-bda3-794b239ab90d
2025-5-27 10:45:27-debug:   Number of all scripts: 89
2025-5-27 10:45:27-debug:   Number of all scenes: 3
2025-5-27 10:45:27-debug: Init bundle root assets success..., progress: 0%
2025-5-27 10:45:27-debug:   Number of other assets: 718
2025-5-27 10:45:27-debug: // ---- build task 查询 Asset Bundle ---- (8ms)
2025-5-27 10:45:27-log: run build task 查询 Asset Bundle success in 8 ms√, progress: 5%
2025-5-27 10:45:27-debug: 查询 Asset Bundle start, progress: 5%
2025-5-27 10:45:27-debug: [Build Memory track]: 查询 Asset Bundle start:215.16MB, end 215.29MB, increase: 137.74KB
2025-5-27 10:45:27-debug: // ---- build task 查询 Asset Bundle ----
2025-5-27 10:45:27-debug: // ---- build task 查询 Asset Bundle ---- (1ms)
2025-5-27 10:45:27-log: run build task 查询 Asset Bundle success in 1 ms√, progress: 10%
2025-5-27 10:45:27-debug: // ---- build task 整理部分构建选项内数据到 settings.json ----
2025-5-27 10:45:27-debug: [Build Memory track]: 查询 Asset Bundle start:215.34MB, end 214.68MB, increase: -678.08KB
2025-5-27 10:45:27-debug: 整理部分构建选项内数据到 settings.json start, progress: 10%
2025-5-27 10:45:27-debug: // ---- build task 整理部分构建选项内数据到 settings.json ---- (1ms)
2025-5-27 10:45:27-log: run build task 整理部分构建选项内数据到 settings.json success in 1 ms√, progress: 12%
2025-5-27 10:45:27-debug: [Build Memory track]: 整理部分构建选项内数据到 settings.json start:214.72MB, end 214.74MB, increase: 27.37KB
2025-5-27 10:45:27-debug: 填充脚本数据到 settings.json start, progress: 12%
2025-5-27 10:45:27-debug: // ---- build task 填充脚本数据到 settings.json ----
2025-5-27 10:45:27-log: run build task 填充脚本数据到 settings.json success in √, progress: 13%
2025-5-27 10:45:27-debug: [Build Memory track]: 填充脚本数据到 settings.json start:214.78MB, end 214.80MB, increase: 23.98KB
2025-5-27 10:45:27-debug: 整理部分构建选项内数据到 settings.json start, progress: 13%
2025-5-27 10:45:27-debug: // ---- build task 整理部分构建选项内数据到 settings.json ----
2025-5-27 10:45:27-debug: // ---- build task 整理部分构建选项内数据到 settings.json ---- (3ms)
2025-5-27 10:45:27-log: run build task 整理部分构建选项内数据到 settings.json success in 3 ms√, progress: 15%
2025-5-27 10:45:27-debug: [Build Memory track]: 整理部分构建选项内数据到 settings.json start:214.83MB, end 214.97MB, increase: 142.46KB
2025-5-27 10:45:37-debug: %cImport%c: D:\CODE\cocos_workspace\背包英雄\assets\Scenes\Game.scenebackground: #aaff85; color: #000;color: #000;
2025-5-27 10:45:37-debug: asset-db:reimport-assetb9cbfc7b-2f0c-4026-89a7-4d411f8ecfbe (7ms)
2025-5-27 10:45:39-debug: Query all assets info in project
2025-5-27 10:45:39-debug: Skip compress image, progress: 0%
2025-5-27 10:45:39-debug: init custom config: keepNodeUuid: false, useCache: true
2025-5-27 10:45:39-debug: Num of bundles: 3..., progress: 0%
2025-5-27 10:45:39-debug: 查询 Asset Bundle start, progress: 0%
2025-5-27 10:45:39-debug: Init all bundles start..., progress: 0%
2025-5-27 10:45:39-debug: // ---- build task 查询 Asset Bundle ----
2025-5-27 10:45:39-debug: Init bundle root assets start..., progress: 0%
2025-5-27 10:45:39-debug:   Number of all scenes: 3
2025-5-27 10:45:39-debug:   Number of all scripts: 89
2025-5-27 10:45:39-debug: Query preload assets/scripts from cc.config.json: 60f7195c-ec2a-45eb-ba94-8955f60e81d0,1c02ae6f-4492-4915-b8f8-7492a3b1e4cd,810e96e4-e456-4468-9b59-f4e8f39732c0,efe8e2a3-eace-427b-b4f1-cb8a937ec77d,e9aa9a3e-5b2b-4ac7-a2c7-073de2b2b24f,8bbdbcdd-5cd4-4100-b6d5-b7c9625b6107,50f4348b-c883-4e2f-8f11-ce233b859fa1,fda095cb-831d-4601-ad94-846013963de8,f92806d7-1768-443f-afe8-12bcde84d0f0,dd3a144d-ab7f-41f0-82b8-2e43a090d496,f0416e68-0200-4b77-a926-4f9d16e494da,970b0598-bcb0-4714-91fb-2e81440dccd8,bcd64cc6-2dd9-43f6-abbe-66318d332032,d930590d-bb92-4cc8-8bd1-23cd027f9edf,a3cd009f-0ab0-420d-9278-b9fdab939bbc,c27215d8-6835-4b68-bfbb-bdeac6100c04,b5d6115f-0370-4d7c-aad3-c194cc71cf98,b2bd1fa7-8d7c-49c5-a158-df29a6d3a594,871c3b6c-7379-419d-bda3-794b239ab90d
2025-5-27 10:45:39-debug: Init bundle root assets success..., progress: 0%
2025-5-27 10:45:39-debug:   Number of other assets: 718
2025-5-27 10:45:39-debug: // ---- build task 查询 Asset Bundle ---- (9ms)
2025-5-27 10:45:39-log: run build task 查询 Asset Bundle success in 9 ms√, progress: 5%
2025-5-27 10:45:39-debug: [Build Memory track]: 查询 Asset Bundle start:197.14MB, end 197.32MB, increase: 181.02KB
2025-5-27 10:45:39-debug: 查询 Asset Bundle start, progress: 5%
2025-5-27 10:45:39-debug: // ---- build task 查询 Asset Bundle ----
2025-5-27 10:45:39-debug: // ---- build task 查询 Asset Bundle ---- (2ms)
2025-5-27 10:45:39-debug: [Build Memory track]: 查询 Asset Bundle start:197.35MB, end 197.51MB, increase: 163.85KB
2025-5-27 10:45:39-log: run build task 查询 Asset Bundle success in 2 ms√, progress: 10%
2025-5-27 10:45:39-debug: // ---- build task 整理部分构建选项内数据到 settings.json ----
2025-5-27 10:45:39-debug: 整理部分构建选项内数据到 settings.json start, progress: 10%
2025-5-27 10:45:39-log: run build task 整理部分构建选项内数据到 settings.json success in √, progress: 12%
2025-5-27 10:45:39-debug: 填充脚本数据到 settings.json start, progress: 12%
2025-5-27 10:45:39-debug: [Build Memory track]: 整理部分构建选项内数据到 settings.json start:197.54MB, end 197.56MB, increase: 16.62KB
2025-5-27 10:45:39-log: run build task 填充脚本数据到 settings.json success in √, progress: 13%
2025-5-27 10:45:39-debug: // ---- build task 填充脚本数据到 settings.json ----
2025-5-27 10:45:39-debug: 整理部分构建选项内数据到 settings.json start, progress: 13%
2025-5-27 10:45:39-debug: [Build Memory track]: 填充脚本数据到 settings.json start:197.59MB, end 197.60MB, increase: 15.78KB
2025-5-27 10:45:39-debug: // ---- build task 整理部分构建选项内数据到 settings.json ----
2025-5-27 10:45:39-debug: // ---- build task 整理部分构建选项内数据到 settings.json ---- (4ms)
2025-5-27 10:45:39-log: run build task 整理部分构建选项内数据到 settings.json success in 4 ms√, progress: 15%
2025-5-27 10:45:39-debug: [Build Memory track]: 整理部分构建选项内数据到 settings.json start:197.63MB, end 197.78MB, increase: 153.14KB
2025-5-27 10:46:16-debug: refresh db internal success
2025-5-27 10:46:16-debug: Run asset db hook engine-extends:afterRefresh ...
2025-5-27 10:46:16-debug: refresh db assets success
2025-5-27 10:46:16-debug: Run asset db hook engine-extends:afterRefresh success!
2025-5-27 10:46:16-debug: asset-db:refresh-all-database (121ms)
2025-5-27 10:46:16-debug: asset-db:worker-effect-data-processing (1ms)
2025-5-27 10:46:16-debug: asset-db-hook-engine-extends-afterRefresh (2ms)
2025-5-27 10:46:48-debug: Cannot find the asset handler of operate open for importer audio-clip
2025-5-27 10:46:50-debug: refresh db internal success
2025-5-27 10:46:50-debug: refresh db assets success
2025-5-27 10:46:50-debug: Run asset db hook engine-extends:afterRefresh ...
2025-5-27 10:46:50-debug: Run asset db hook engine-extends:afterRefresh success!
2025-5-27 10:46:50-debug: asset-db:refresh-all-database (183ms)
2025-5-27 10:46:50-debug: asset-db:worker-effect-data-processing (8ms)
2025-5-27 10:46:50-debug: asset-db-hook-engine-extends-afterRefresh (9ms)
2025-5-27 10:46:54-debug: refresh db internal success
2025-5-27 10:46:54-debug: refresh db assets success
2025-5-27 10:46:54-debug: Run asset db hook engine-extends:afterRefresh ...
2025-5-27 10:46:54-debug: Run asset db hook engine-extends:afterRefresh success!
2025-5-27 10:46:54-debug: asset-db:refresh-all-database (141ms)
2025-5-27 10:46:54-debug: asset-db:worker-effect-data-processing (2ms)
2025-5-27 10:46:54-debug: asset-db-hook-engine-extends-afterRefresh (2ms)
2025-5-27 10:46:57-debug: refresh db internal success
2025-5-27 10:46:57-debug: refresh db assets success
2025-5-27 10:46:57-debug: Run asset db hook engine-extends:afterRefresh ...
2025-5-27 10:46:57-debug: Run asset db hook engine-extends:afterRefresh success!
2025-5-27 10:46:57-debug: asset-db:refresh-all-database (96ms)
2025-5-27 10:46:57-debug: asset-db:worker-effect-data-processing (1ms)
2025-5-27 10:46:57-debug: asset-db-hook-engine-extends-afterRefresh (2ms)
2025-5-27 10:47:06-debug: Query all assets info in project
2025-5-27 10:47:06-debug: init custom config: keepNodeUuid: false, useCache: true
2025-5-27 10:47:06-debug: Skip compress image, progress: 0%
2025-5-27 10:47:06-debug: Num of bundles: 3..., progress: 0%
2025-5-27 10:47:06-debug: Init all bundles start..., progress: 0%
2025-5-27 10:47:06-debug: // ---- build task 查询 Asset Bundle ----
2025-5-27 10:47:06-debug: 查询 Asset Bundle start, progress: 0%
2025-5-27 10:47:06-debug: Init bundle root assets start..., progress: 0%
2025-5-27 10:47:06-debug: Query preload assets/scripts from cc.config.json: 60f7195c-ec2a-45eb-ba94-8955f60e81d0,1c02ae6f-4492-4915-b8f8-7492a3b1e4cd,810e96e4-e456-4468-9b59-f4e8f39732c0,efe8e2a3-eace-427b-b4f1-cb8a937ec77d,e9aa9a3e-5b2b-4ac7-a2c7-073de2b2b24f,8bbdbcdd-5cd4-4100-b6d5-b7c9625b6107,50f4348b-c883-4e2f-8f11-ce233b859fa1,fda095cb-831d-4601-ad94-846013963de8,f92806d7-1768-443f-afe8-12bcde84d0f0,dd3a144d-ab7f-41f0-82b8-2e43a090d496,f0416e68-0200-4b77-a926-4f9d16e494da,970b0598-bcb0-4714-91fb-2e81440dccd8,bcd64cc6-2dd9-43f6-abbe-66318d332032,d930590d-bb92-4cc8-8bd1-23cd027f9edf,a3cd009f-0ab0-420d-9278-b9fdab939bbc,c27215d8-6835-4b68-bfbb-bdeac6100c04,b5d6115f-0370-4d7c-aad3-c194cc71cf98,b2bd1fa7-8d7c-49c5-a158-df29a6d3a594,871c3b6c-7379-419d-bda3-794b239ab90d
2025-5-27 10:47:06-debug:   Number of all scenes: 3
2025-5-27 10:47:06-debug:   Number of all scripts: 89
2025-5-27 10:47:06-debug: Init bundle root assets success..., progress: 0%
2025-5-27 10:47:06-debug:   Number of other assets: 718
2025-5-27 10:47:06-debug: // ---- build task 查询 Asset Bundle ---- (11ms)
2025-5-27 10:47:06-log: run build task 查询 Asset Bundle success in 11 ms√, progress: 5%
2025-5-27 10:47:06-debug: [Build Memory track]: 查询 Asset Bundle start:201.42MB, end 201.53MB, increase: 115.73KB
2025-5-27 10:47:06-debug: 查询 Asset Bundle start, progress: 5%
2025-5-27 10:47:06-debug: // ---- build task 查询 Asset Bundle ----
2025-5-27 10:47:06-debug: [Build Memory track]: 查询 Asset Bundle start:201.56MB, end 201.71MB, increase: 153.55KB
2025-5-27 10:47:06-debug: // ---- build task 查询 Asset Bundle ---- (2ms)
2025-5-27 10:47:06-log: run build task 查询 Asset Bundle success in 2 ms√, progress: 10%
2025-5-27 10:47:06-debug: // ---- build task 整理部分构建选项内数据到 settings.json ----
2025-5-27 10:47:06-debug: 整理部分构建选项内数据到 settings.json start, progress: 10%
2025-5-27 10:47:06-debug: // ---- build task 整理部分构建选项内数据到 settings.json ---- (1ms)
2025-5-27 10:47:06-log: run build task 整理部分构建选项内数据到 settings.json success in 1 ms√, progress: 12%
2025-5-27 10:47:06-debug: [Build Memory track]: 整理部分构建选项内数据到 settings.json start:201.75MB, end 201.77MB, increase: 27.50KB
2025-5-27 10:47:06-debug: 填充脚本数据到 settings.json start, progress: 12%
2025-5-27 10:47:06-debug: // ---- build task 填充脚本数据到 settings.json ----
2025-5-27 10:47:06-debug: // ---- build task 填充脚本数据到 settings.json ---- (8ms)
2025-5-27 10:47:06-log: run build task 填充脚本数据到 settings.json success in 8 ms√, progress: 13%
2025-5-27 10:47:06-debug: [Build Memory track]: 填充脚本数据到 settings.json start:201.80MB, end 201.83MB, increase: 27.75KB
2025-5-27 10:47:06-debug: 整理部分构建选项内数据到 settings.json start, progress: 13%
2025-5-27 10:47:06-debug: // ---- build task 整理部分构建选项内数据到 settings.json ----
2025-5-27 10:47:06-debug: // ---- build task 整理部分构建选项内数据到 settings.json ---- (8ms)
2025-5-27 10:47:06-debug: [Build Memory track]: 整理部分构建选项内数据到 settings.json start:201.87MB, end 202.02MB, increase: 152.05KB
2025-5-27 10:47:06-log: run build task 整理部分构建选项内数据到 settings.json success in 8 ms√, progress: 15%
2025-5-27 10:47:42-debug: refresh db internal success
2025-5-27 10:47:42-debug: Run asset db hook engine-extends:afterRefresh ...
2025-5-27 10:47:42-debug: refresh db assets success
2025-5-27 10:47:42-debug: Run asset db hook engine-extends:afterRefresh success!
2025-5-27 10:47:42-debug: asset-db:refresh-all-database (121ms)
2025-5-27 10:47:42-debug: asset-db:worker-effect-data-processing (1ms)
2025-5-27 10:47:42-debug: asset-db-hook-engine-extends-afterRefresh (1ms)
2025-5-27 10:50:50-debug: refresh db internal success
2025-5-27 10:50:50-debug: refresh db assets success
2025-5-27 10:50:50-debug: Run asset db hook engine-extends:afterRefresh ...
2025-5-27 10:50:50-debug: Run asset db hook engine-extends:afterRefresh success!
2025-5-27 10:50:50-debug: asset-db:worker-effect-data-processing (2ms)
2025-5-27 10:50:50-debug: asset-db:refresh-all-database (154ms)
2025-5-27 10:50:50-debug: asset-db-hook-engine-extends-afterRefresh (2ms)
2025-5-27 10:52:32-warn: 为更好地打开脚本，请在 {preferences} -> {program} -> {scriptEditor} 里配置打开脚本的应用程序
2025-5-27 10:53:46-debug: refresh db internal success
2025-5-27 10:53:46-debug: refresh db assets success
2025-5-27 10:53:46-debug: Run asset db hook engine-extends:afterRefresh ...
2025-5-27 10:53:46-debug: Run asset db hook engine-extends:afterRefresh success!
2025-5-27 10:53:46-debug: asset-db:worker-effect-data-processing (1ms)
2025-5-27 10:53:46-debug: asset-db:refresh-all-database (157ms)
2025-5-27 10:53:46-debug: asset-db-hook-engine-extends-afterRefresh (1ms)
2025-5-27 10:54:05-debug: Cannot find the asset handler of operate open for importer dragonbones-atlas
2025-5-27 10:54:12-debug: refresh db internal success
2025-5-27 10:54:12-debug: Run asset db hook engine-extends:afterRefresh ...
2025-5-27 10:54:12-debug: refresh db assets success
2025-5-27 10:54:12-debug: Run asset db hook engine-extends:afterRefresh success!
2025-5-27 10:54:12-debug: asset-db:refresh-all-database (135ms)
2025-5-27 10:54:12-debug: asset-db-hook-engine-extends-afterRefresh (1ms)
2025-5-27 10:54:37-warn: 为更好地打开脚本，请在 {preferences} -> {program} -> {scriptEditor} 里配置打开脚本的应用程序
2025-5-27 10:56:12-debug: refresh db internal success
2025-5-27 10:56:12-debug: Query all assets info in project
2025-5-27 10:56:12-debug: %cImport%c: D:\CODE\cocos_workspace\背包英雄\assets\Scripts\Game\Weapon\WeaponItem.tsbackground: #aaff85; color: #000;color: #000;
2025-5-27 10:56:12-debug: refresh db assets success
2025-5-27 10:56:12-debug: Run asset db hook engine-extends:afterRefresh ...
2025-5-27 10:56:12-debug: Run asset db hook engine-extends:afterRefresh success!
2025-5-27 10:56:12-debug: asset-db:refresh-all-database (228ms)
2025-5-27 10:56:12-debug: asset-db:worker-effect-data-processing (1ms)
2025-5-27 10:56:12-debug: asset-db-hook-engine-extends-afterRefresh (2ms)
2025-5-27 10:56:12-debug: init custom config: keepNodeUuid: false, useCache: true
2025-5-27 10:56:12-debug: Skip compress image, progress: 0%
2025-5-27 10:56:12-debug: Init all bundles start..., progress: 0%
2025-5-27 10:56:12-debug: 查询 Asset Bundle start, progress: 0%
2025-5-27 10:56:12-debug: Num of bundles: 3..., progress: 0%
2025-5-27 10:56:12-debug: // ---- build task 查询 Asset Bundle ----
2025-5-27 10:56:12-debug: Init bundle root assets start..., progress: 0%
2025-5-27 10:56:12-debug: Query preload assets/scripts from cc.config.json: 60f7195c-ec2a-45eb-ba94-8955f60e81d0,1c02ae6f-4492-4915-b8f8-7492a3b1e4cd,810e96e4-e456-4468-9b59-f4e8f39732c0,efe8e2a3-eace-427b-b4f1-cb8a937ec77d,e9aa9a3e-5b2b-4ac7-a2c7-073de2b2b24f,8bbdbcdd-5cd4-4100-b6d5-b7c9625b6107,50f4348b-c883-4e2f-8f11-ce233b859fa1,fda095cb-831d-4601-ad94-846013963de8,f92806d7-1768-443f-afe8-12bcde84d0f0,dd3a144d-ab7f-41f0-82b8-2e43a090d496,f0416e68-0200-4b77-a926-4f9d16e494da,970b0598-bcb0-4714-91fb-2e81440dccd8,bcd64cc6-2dd9-43f6-abbe-66318d332032,d930590d-bb92-4cc8-8bd1-23cd027f9edf,a3cd009f-0ab0-420d-9278-b9fdab939bbc,c27215d8-6835-4b68-bfbb-bdeac6100c04,b5d6115f-0370-4d7c-aad3-c194cc71cf98,b2bd1fa7-8d7c-49c5-a158-df29a6d3a594,871c3b6c-7379-419d-bda3-794b239ab90d
2025-5-27 10:56:12-debug:   Number of all scripts: 89
2025-5-27 10:56:13-debug: Init bundle root assets success..., progress: 0%
2025-5-27 10:56:13-debug:   Number of other assets: 718
2025-5-27 10:56:12-debug:   Number of all scenes: 3
2025-5-27 10:56:13-debug: // ---- build task 查询 Asset Bundle ---- (20ms)
2025-5-27 10:56:13-debug: [Build Memory track]: 查询 Asset Bundle start:209.13MB, end 209.25MB, increase: 127.59KB
2025-5-27 10:56:13-debug: 查询 Asset Bundle start, progress: 5%
2025-5-27 10:56:13-log: run build task 查询 Asset Bundle success in 20 ms√, progress: 5%
2025-5-27 10:56:13-debug: // ---- build task 查询 Asset Bundle ----
2025-5-27 10:56:13-log: run build task 查询 Asset Bundle success in 7 ms√, progress: 10%
2025-5-27 10:56:13-debug: [Build Memory track]: 查询 Asset Bundle start:209.28MB, end 209.43MB, increase: 152.63KB
2025-5-27 10:56:13-debug: 整理部分构建选项内数据到 settings.json start, progress: 10%
2025-5-27 10:56:13-debug: // ---- build task 查询 Asset Bundle ---- (7ms)
2025-5-27 10:56:13-debug: // ---- build task 整理部分构建选项内数据到 settings.json ----
2025-5-27 10:56:13-log: run build task 整理部分构建选项内数据到 settings.json success in 2 ms√, progress: 12%
2025-5-27 10:56:13-debug: [Build Memory track]: 整理部分构建选项内数据到 settings.json start:209.46MB, end 209.49MB, increase: 27.63KB
2025-5-27 10:56:13-debug: // ---- build task 填充脚本数据到 settings.json ----
2025-5-27 10:56:13-debug: 填充脚本数据到 settings.json start, progress: 12%
2025-5-27 10:56:13-debug: // ---- build task 整理部分构建选项内数据到 settings.json ---- (2ms)
2025-5-27 10:56:13-debug: // ---- build task 填充脚本数据到 settings.json ---- (3ms)
2025-5-27 10:56:13-log: run build task 填充脚本数据到 settings.json success in 3 ms√, progress: 13%
2025-5-27 10:56:13-debug: [Build Memory track]: 填充脚本数据到 settings.json start:209.52MB, end 209.55MB, increase: 27.66KB
2025-5-27 10:56:13-debug: 整理部分构建选项内数据到 settings.json start, progress: 13%
2025-5-27 10:56:13-debug: // ---- build task 整理部分构建选项内数据到 settings.json ----
2025-5-27 10:56:13-debug: // ---- build task 整理部分构建选项内数据到 settings.json ---- (16ms)
2025-5-27 10:56:13-log: run build task 整理部分构建选项内数据到 settings.json success in 16 ms√, progress: 15%
2025-5-27 10:56:13-debug: [Build Memory track]: 整理部分构建选项内数据到 settings.json start:209.58MB, end 209.70MB, increase: 128.04KB
2025-5-27 10:56:14-debug: Query all assets info in project
2025-5-27 10:56:14-debug: init custom config: keepNodeUuid: false, useCache: true
2025-5-27 10:56:14-debug: Skip compress image, progress: 0%
2025-5-27 10:56:14-debug: Num of bundles: 3..., progress: 0%
2025-5-27 10:56:14-debug: Init all bundles start..., progress: 0%
2025-5-27 10:56:14-debug: 查询 Asset Bundle start, progress: 0%
2025-5-27 10:56:14-debug: // ---- build task 查询 Asset Bundle ----
2025-5-27 10:56:14-debug: Init bundle root assets start..., progress: 0%
2025-5-27 10:56:14-debug: Query preload assets/scripts from cc.config.json: 60f7195c-ec2a-45eb-ba94-8955f60e81d0,1c02ae6f-4492-4915-b8f8-7492a3b1e4cd,810e96e4-e456-4468-9b59-f4e8f39732c0,efe8e2a3-eace-427b-b4f1-cb8a937ec77d,e9aa9a3e-5b2b-4ac7-a2c7-073de2b2b24f,8bbdbcdd-5cd4-4100-b6d5-b7c9625b6107,50f4348b-c883-4e2f-8f11-ce233b859fa1,fda095cb-831d-4601-ad94-846013963de8,f92806d7-1768-443f-afe8-12bcde84d0f0,dd3a144d-ab7f-41f0-82b8-2e43a090d496,f0416e68-0200-4b77-a926-4f9d16e494da,970b0598-bcb0-4714-91fb-2e81440dccd8,bcd64cc6-2dd9-43f6-abbe-66318d332032,d930590d-bb92-4cc8-8bd1-23cd027f9edf,a3cd009f-0ab0-420d-9278-b9fdab939bbc,c27215d8-6835-4b68-bfbb-bdeac6100c04,b5d6115f-0370-4d7c-aad3-c194cc71cf98,b2bd1fa7-8d7c-49c5-a158-df29a6d3a594,871c3b6c-7379-419d-bda3-794b239ab90d
2025-5-27 10:56:14-debug:   Number of all scenes: 3
2025-5-27 10:56:14-debug:   Number of other assets: 718
2025-5-27 10:56:14-debug:   Number of all scripts: 89
2025-5-27 10:56:14-debug: Init bundle root assets success..., progress: 0%
2025-5-27 10:56:14-debug: // ---- build task 查询 Asset Bundle ---- (11ms)
2025-5-27 10:56:14-debug: [Build Memory track]: 查询 Asset Bundle start:209.67MB, end 209.12MB, increase: -566.04KB
2025-5-27 10:56:14-log: run build task 查询 Asset Bundle success in 11 ms√, progress: 5%
2025-5-27 10:56:14-debug: 查询 Asset Bundle start, progress: 5%
2025-5-27 10:56:14-debug: // ---- build task 查询 Asset Bundle ----
2025-5-27 10:56:14-debug: // ---- build task 查询 Asset Bundle ---- (3ms)
2025-5-27 10:56:14-log: run build task 查询 Asset Bundle success in 3 ms√, progress: 10%
2025-5-27 10:56:14-debug: [Build Memory track]: 查询 Asset Bundle start:209.15MB, end 209.31MB, increase: 162.45KB
2025-5-27 10:56:14-debug: 整理部分构建选项内数据到 settings.json start, progress: 10%
2025-5-27 10:56:14-debug: // ---- build task 整理部分构建选项内数据到 settings.json ----
2025-5-27 10:56:14-log: run build task 整理部分构建选项内数据到 settings.json success in 1 ms√, progress: 12%
2025-5-27 10:56:14-debug: [Build Memory track]: 整理部分构建选项内数据到 settings.json start:209.34MB, end 209.37MB, increase: 34.05KB
2025-5-27 10:56:14-debug: // ---- build task 整理部分构建选项内数据到 settings.json ---- (1ms)
2025-5-27 10:56:14-debug: 填充脚本数据到 settings.json start, progress: 12%
2025-5-27 10:56:14-debug: // ---- build task 填充脚本数据到 settings.json ----
2025-5-27 10:56:14-debug: // ---- build task 填充脚本数据到 settings.json ---- (1ms)
2025-5-27 10:56:14-log: run build task 填充脚本数据到 settings.json success in 1 ms√, progress: 13%
2025-5-27 10:56:14-debug: [Build Memory track]: 填充脚本数据到 settings.json start:209.40MB, end 209.43MB, increase: 27.45KB
2025-5-27 10:56:14-debug: 整理部分构建选项内数据到 settings.json start, progress: 13%
2025-5-27 10:56:14-debug: // ---- build task 整理部分构建选项内数据到 settings.json ----
2025-5-27 10:56:14-debug: // ---- build task 整理部分构建选项内数据到 settings.json ---- (5ms)
2025-5-27 10:56:14-log: run build task 整理部分构建选项内数据到 settings.json success in 5 ms√, progress: 15%
2025-5-27 10:56:14-debug: [Build Memory track]: 整理部分构建选项内数据到 settings.json start:209.46MB, end 209.59MB, increase: 136.30KB
2025-5-27 10:57:47-debug: refresh db internal success
2025-5-27 10:57:47-debug: Run asset db hook engine-extends:afterRefresh ...
2025-5-27 10:57:47-debug: refresh db assets success
2025-5-27 10:57:47-debug: Run asset db hook engine-extends:afterRefresh success!
2025-5-27 10:57:47-debug: asset-db:refresh-all-database (128ms)
2025-5-27 10:57:47-debug: asset-db:worker-effect-data-processing (1ms)
2025-5-27 10:57:47-debug: asset-db-hook-engine-extends-afterRefresh (1ms)
2025-5-27 10:57:52-debug: %cImport%c: D:\CODE\cocos_workspace\背包英雄\assets\resources\Prefab\Game\Battle\synEffect.prefabbackground: #aaff85; color: #000;color: #000;
2025-5-27 10:57:52-debug: asset-db:reimport-asset72cc8167-7c0e-4ddc-b382-195966697561 (5ms)
